[    0.000000] Linux version 4.15.0-124-generic (buildd@lgw01-amd64-029) (gcc version 7.5.0 (Ubuntu 7.5.0-3ubuntu1~18.04)) #127-Ubuntu SMP Fri Nov 6 10:54:43 UTC 2020 (Ubuntu 4.15.0-124.127-generic 4.15.18)
[    0.000000] Command line: BOOT_IMAGE=/boot/vmlinuz-4.15.0-124-generic root=LABEL=cloudimg-rootfs ro console=tty1 console=ttyS0
[    0.000000] KERNEL supported cpus:
[    0.000000]   Intel GenuineIntel
[    0.000000]   AMD AuthenticAMD
[    0.000000]   Centaur CentaurHauls
[    0.000000] x86/fpu: Supporting XSAVE feature 0x001: 'x87 floating point registers'
[    0.000000] x86/fpu: Supporting XSAVE feature 0x002: 'SSE registers'
[    0.000000] x86/fpu: Supporting XSAVE feature 0x004: 'AVX registers'
[    0.000000] x86/fpu: xstate_offset[2]:  576, xstate_sizes[2]:  256
[    0.000000] x86/fpu: Enabled xstate features 0x7, context size is 832 bytes, using 'standard' format.
[    0.000000] e820: BIOS-provided physical RAM map:
[    0.000000] BIOS-e820: [mem 0x0000000000000000-0x000000000009fbff] usable
[    0.000000] BIOS-e820: [mem 0x000000000009fc00-0x000000000009ffff] reserved
[    0.000000] BIOS-e820: [mem 0x00000000000f0000-0x00000000000fffff] reserved
[    0.000000] BIOS-e820: [mem 0x0000000000100000-0x000000003ffeffff] usable
[    0.000000] BIOS-e820: [mem 0x000000003fff0000-0x000000003fffffff] ACPI data
[    0.000000] BIOS-e820: [mem 0x00000000fec00000-0x00000000fec00fff] reserved
[    0.000000] BIOS-e820: [mem 0x00000000fee00000-0x00000000fee00fff] reserved
[    0.000000] BIOS-e820: [mem 0x00000000fffc0000-0x00000000ffffffff] reserved
[    0.000000] NX (Execute Disable) protection: active
[    0.000000] SMBIOS 2.5 present.
[    0.000000] DMI: innotek GmbH VirtualBox/VirtualBox, BIOS VirtualBox 12/01/2006
[    0.000000] Hypervisor detected: KVM
[    0.000000] e820: last_pfn = 0x3fff0 max_arch_pfn = 0x400000000
[    0.000000] MTRR: Disabled
[    0.000000] x86/PAT: MTRRs disabled, skipping PAT initialization too.
[    0.000000] CPU MTRRs all blank - virtualized system.
[    0.000000] x86/PAT: Configuration [0-7]: WB  WT  UC- UC  WB  WT  UC- UC  
[    0.000000] found SMP MP-table at [mem 0x0009fff0-0x0009ffff]
[    0.000000] Scanning 1 areas for low memory corruption
[    0.000000] RAMDISK: [mem 0x35a67000-0x36d2afff]
[    0.000000] ACPI: Early table checksum verification disabled
[    0.000000] ACPI: RSDP 0x00000000000E0000 000024 (v02 VBOX  )
[    0.000000] ACPI: XSDT 0x000000003FFF0030 00003C (v01 VBOX   VBOXXSDT 00000001 ASL  00000061)
[    0.000000] ACPI: FACP 0x000000003FFF00F0 0000F4 (v04 VBOX   VBOXFACP 00000001 ASL  00000061)
[    0.000000] ACPI: DSDT 0x000000003FFF0470 002325 (v02 VBOX   VBOXBIOS 00000002 INTL 20100528)
[    0.000000] ACPI: FACS 0x000000003FFF0200 000040
[    0.000000] ACPI: FACS 0x000000003FFF0200 000040
[    0.000000] ACPI: APIC 0x000000003FFF0240 00005C (v02 VBOX   VBOXAPIC 00000001 ASL  00000061)
[    0.000000] ACPI: SSDT 0x000000003FFF02A0 0001CC (v01 VBOX   VBOXCPUT 00000002 INTL 20100528)
[    0.000000] No NUMA configuration found
[    0.000000] Faking a node at [mem 0x0000000000000000-0x000000003ffeffff]
[    0.000000] NODE_DATA(0) allocated [mem 0x3ffc5000-0x3ffeffff]
[    0.000000] kvm-clock: cpu 0, msr 0:3ff44001, primary cpu clock
[    0.000000] kvm-clock: Using msrs 4b564d01 and 4b564d00
[    0.000000] kvm-clock: using sched offset of 5535175783 cycles
[    0.000000] clocksource: kvm-clock: mask: 0xffffffffffffffff max_cycles: 0x1cd42e4dffb, max_idle_ns: 881590591483 ns
[    0.000000] Zone ranges:
[    0.000000]   DMA      [mem 0x0000000000001000-0x0000000000ffffff]
[    0.000000]   DMA32    [mem 0x0000000001000000-0x000000003ffeffff]
[    0.000000]   Normal   empty
[    0.000000]   Device   empty
[    0.000000] Movable zone start for each node
[    0.000000] Early memory node ranges
[    0.000000]   node   0: [mem 0x0000000000001000-0x000000000009efff]
[    0.000000]   node   0: [mem 0x0000000000100000-0x000000003ffeffff]
[    0.000000] Reserved but unavailable: 98 pages
[    0.000000] Initmem setup node 0 [mem 0x0000000000001000-0x000000003ffeffff]
[    0.000000] ACPI: PM-Timer IO Port: 0x4008
[    0.000000] IOAPIC[0]: apic_id 2, version 32, address 0xfec00000, GSI 0-23
[    0.000000] ACPI: INT_SRC_OVR (bus 0 bus_irq 0 global_irq 2 dfl dfl)
[    0.000000] ACPI: INT_SRC_OVR (bus 0 bus_irq 9 global_irq 9 low level)
[    0.000000] Using ACPI (MADT) for SMP configuration information
[    0.000000] smpboot: Allowing 2 CPUs, 0 hotplug CPUs
[    0.000000] PM: Registered nosave memory: [mem 0x00000000-0x00000fff]
[    0.000000] PM: Registered nosave memory: [mem 0x0009f000-0x0009ffff]
[    0.000000] PM: Registered nosave memory: [mem 0x000a0000-0x000effff]
[    0.000000] PM: Registered nosave memory: [mem 0x000f0000-0x000fffff]
[    0.000000] e820: [mem 0x40000000-0xfebfffff] available for PCI devices
[    0.000000] Booting paravirtualized kernel on KVM
[    0.000000] clocksource: refined-jiffies: mask: 0xffffffff max_cycles: 0xffffffff, max_idle_ns: 7645519600211568 ns
[    0.000000] random: get_random_bytes called from start_kernel+0x99/0x500 with crng_init=0
[    0.000000] setup_percpu: NR_CPUS:8192 nr_cpumask_bits:2 nr_cpu_ids:2 nr_node_ids:1
[    0.000000] percpu: Embedded 45 pages/cpu s147456 r8192 d28672 u1048576
[    0.000000] PV qspinlock hash table entries: 256 (order: 0, 4096 bytes)
[    0.000000] Built 1 zonelists, mobility grouping on.  Total pages: 257913
[    0.000000] Policy zone: DMA32
[    0.000000] Kernel command line: BOOT_IMAGE=/boot/vmlinuz-4.15.0-124-generic root=LABEL=cloudimg-rootfs ro console=tty1 console=ttyS0
[    0.000000] Memory: 983032K/1048120K available (12300K kernel code, 2482K rwdata, 4272K rodata, 2436K init, 2724K bss, 65088K reserved, 0K cma-reserved)
[    0.000000] SLUB: HWalign=64, Order=0-3, MinObjects=0, CPUs=2, Nodes=1
[    0.000000] Kernel/User page tables isolation: enabled
[    0.000000] ftrace: allocating 39402 entries in 154 pages
[    0.004000] Hierarchical RCU implementation.
[    0.004000] 	RCU restricting CPUs from NR_CPUS=8192 to nr_cpu_ids=2.
[    0.004000] 	Tasks RCU enabled.
[    0.004000] RCU: Adjusting geometry for rcu_fanout_leaf=16, nr_cpu_ids=2
[    0.004000] NR_IRQS: 524544, nr_irqs: 440, preallocated irqs: 16
[    0.004000] Console: colour VGA+ 80x25
[    0.004000] console [tty1] enabled
[    0.004000] console [ttyS0] enabled
[    0.004000] ACPI: Core revision 20170831
[    0.004000] ACPI: 2 ACPI AML tables successfully acquired and loaded
[    0.004000] APIC: Switch to symmetric I/O mode setup
[    0.004000] x2apic enabled
[    0.004000] Switched APIC routing to physical x2apic.
[    0.004000] ..TIMER: vector=0x30 apic1=0 pin1=2 apic2=-1 pin2=-1
[    0.004017] tsc: Detected 2592.000 MHz processor
[    0.008040] Calibrating delay loop (skipped) preset value.. 5184.00 BogoMIPS (lpj=10368000)
[    0.012008] pid_max: default: 32768 minimum: 301
[    0.013354] Security Framework initialized
[    0.014306] Yama: becoming mindful.
[    0.016064] AppArmor: AppArmor initialized
[    0.020036] Dentry cache hash table entries: 131072 (order: 8, 1048576 bytes)
[    0.024291] Inode-cache hash table entries: 65536 (order: 7, 524288 bytes)
[    0.028106] Mount-cache hash table entries: 2048 (order: 2, 16384 bytes)
[    0.029577] Mountpoint-cache hash table entries: 2048 (order: 2, 16384 bytes)
[    0.031321] Last level iTLB entries: 4KB 64, 2MB 8, 4MB 8
[    0.032022] Last level dTLB entries: 4KB 64, 2MB 0, 4MB 0, 1GB 4
[    0.033346] Spectre V1 : Mitigation: usercopy/swapgs barriers and __user pointer sanitization
[    0.036013] Spectre V2 : Mitigation: Full generic retpoline
[    0.037411] Spectre V2 : Spectre v2 / SpectreRSB mitigation: Filling RSB on context switch
[    0.040008] Speculative Store Bypass: Vulnerable
[    0.041193] SRBDS: Unknown: Dependent on hypervisor status
[    0.044037] MDS: Mitigation: Clear CPU buffers
[    0.048252] Freeing SMP alternatives memory: 36K
[    0.160830] smpboot: CPU0: Intel(R) Core(TM) i7-6700HQ CPU @ 2.60GHz (family: 0x6, model: 0x5e, stepping: 0x3)
[    0.164187] Performance Events: unsupported p6 CPU model 94 no PMU driver, software events only.
[    0.166400] Hierarchical SRCU implementation.
[    0.169494] NMI watchdog: Perf event create on CPU 0 failed with -2
[    0.170842] NMI watchdog: Perf NMI watchdog permanently disabled
[    0.172262] smp: Bringing up secondary CPUs ...
[    0.173857] x86: Booting SMP configuration:
[    0.176047] .... node  #0, CPUs:      #1
[    0.004000] kvm-clock: cpu 1, msr 0:3ff44041, secondary cpu clock
[    0.180168] smp: Brought up 1 node, 2 CPUs
[    0.181586] smpboot: Max logical packages: 1
[    0.184099] smpboot: Total of 2 processors activated (10368.00 BogoMIPS)
[    0.188297] devtmpfs: initialized
[    0.188911] x86/mm: Memory block size: 128MB
[    0.192880] evm: security.selinux
[    0.195000] evm: security.SMACK64
[    0.196321] evm: security.SMACK64EXEC
[    0.200073] evm: security.SMACK64TRANSMUTE
[    0.201331] evm: security.SMACK64MMAP
[    0.204049] evm: security.apparmor
[    0.205069] evm: security.ima
[    0.205722] evm: security.capability
[    0.206582] clocksource: jiffies: mask: 0xffffffff max_cycles: 0xffffffff, max_idle_ns: 7645041785100000 ns
[    0.208076] futex hash table entries: 512 (order: 3, 32768 bytes)
[    0.212506] pinctrl core: initialized pinctrl subsystem
[    0.216227] RTC time: 13:59:01, date: 11/26/20
[    0.217466] NET: Registered protocol family 16
[    0.218491] audit: initializing netlink subsys (disabled)
[    0.220041] audit: type=2000 audit(1606399147.995:1): state=initialized audit_enabled=0 res=1
[    0.220174] cpuidle: using governor ladder
[    0.224101] cpuidle: using governor menu
[    0.225843] ACPI: bus type PCI registered
[    0.226770] acpiphp: ACPI Hot Plug PCI Controller Driver version: 0.5
[    0.228207] PCI: Using configuration type 1 for base access
[    0.232281] HugeTLB registered 2.00 MiB page size, pre-allocated 0 pages
[    0.233510] ACPI: Added _OSI(Module Device)
[    0.233510] ACPI: Added _OSI(Processor Device)
[    0.236034] ACPI: Added _OSI(3.0 _SCP Extensions)
[    0.237326] ACPI: Added _OSI(Processor Aggregator Device)
[    0.240020] ACPI: Added _OSI(Linux-Dell-Video)
[    0.241065] ACPI: Added _OSI(Linux-Lenovo-NV-HDMI-Audio)
[    0.242074] ACPI: Added _OSI(Linux-HPI-Hybrid-Graphics)
[    0.244631] ACPI: Executed 1 blocks of module-level executable AML code
[    0.251555] ACPI: Interpreter enabled
[    0.252000] ACPI: (supports S0 S5)
[    0.252026] ACPI: Using IOAPIC for interrupt routing
[    0.253571] PCI: Using host bridge windows from ACPI; if necessary, use "pci=nocrs" and report a bug
[    0.256414] ACPI: Enabled 2 GPEs in block 00 to 07
[    0.269416] ACPI: PCI Root Bridge [PCI0] (domain 0000 [bus 00-ff])
[    0.270883] acpi PNP0A03:00: _OSC: OS supports [ASPM ClockPM Segments MSI]
[    0.274197] acpi PNP0A03:00: _OSC: not requesting OS control; OS requires [ExtendedConfig ASPM ClockPM MSI]
[    0.276061] acpi PNP0A03:00: fail to add MMCONFIG information, can't access extended PCI configuration space under this bridge.
[    0.284319] PCI host bridge to bus 0000:00
[    0.285400] pci_bus 0000:00: root bus resource [io  0x0000-0x0cf7 window]
[    0.286801] pci_bus 0000:00: root bus resource [io  0x0d00-0xffff window]
[    0.288000] pci_bus 0000:00: root bus resource [mem 0x000a0000-0x000bffff window]
[    0.288017] pci_bus 0000:00: root bus resource [mem 0x40000000-0xfdffffff window]
[    0.292013] pci_bus 0000:00: root bus resource [bus 00-ff]
[    0.296287] pci 0000:00:01.1: legacy IDE quirk: reg 0x10: [io  0x01f0-0x01f7]
[    0.298101] pci 0000:00:01.1: legacy IDE quirk: reg 0x14: [io  0x03f6]
[    0.299455] pci 0000:00:01.1: legacy IDE quirk: reg 0x18: [io  0x0170-0x0177]
[    0.300026] pci 0000:00:01.1: legacy IDE quirk: reg 0x1c: [io  0x0376]
[    0.365246] pci 0000:00:07.0: quirk: [io  0x4000-0x403f] claimed by PIIX4 ACPI
[    0.367318] pci 0000:00:07.0: quirk: [io  0x4100-0x410f] claimed by PIIX4 SMB
[    0.396880] ACPI: PCI Interrupt Link [LNKA] (IRQs 5 9 10 *11)
[    0.399088] ACPI: PCI Interrupt Link [LNKB] (IRQs 5 9 *10 11)
[    0.400295] ACPI: PCI Interrupt Link [LNKC] (IRQs 5 *9 10 11)
[    0.402210] ACPI: PCI Interrupt Link [LNKD] (IRQs 5 9 10 *11)
[    0.406152] SCSI subsystem initialized
[    0.407216] pci 0000:00:02.0: vgaarb: setting as boot VGA device
[    0.407216] pci 0000:00:02.0: vgaarb: VGA device added: decodes=io+mem,owns=io+mem,locks=none
[    0.408020] pci 0000:00:02.0: vgaarb: bridge control possible
[    0.412007] vgaarb: loaded
[    0.412778] ACPI: bus type USB registered
[    0.414426] usbcore: registered new interface driver usbfs
[    0.416039] usbcore: registered new interface driver hub
[    0.417152] usbcore: registered new device driver usb
[    0.418523] EDAC MC: Ver: 3.0.0
[    0.420110] PCI: Using ACPI for IRQ routing
[    0.421312] NetLabel: Initializing
[    0.422484] NetLabel:  domain hash size = 128
[    0.423579] NetLabel:  protocols = UNLABELED CIPSOv4 CALIPSO
[    0.424044] NetLabel:  unlabeled traffic allowed by default
[    0.425280] clocksource: Switched to clocksource kvm-clock
[    0.457105] VFS: Disk quotas dquot_6.6.0
[    0.458457] VFS: Dquot-cache hash table entries: 512 (order 0, 4096 bytes)
[    0.462150] AppArmor: AppArmor Filesystem Enabled
[    0.463567] pnp: PnP ACPI init
[    0.465437] pnp: PnP ACPI: found 3 devices
[    0.478854] clocksource: acpi_pm: mask: 0xffffff max_cycles: 0xffffff, max_idle_ns: 2085701024 ns
[    0.481173] NET: Registered protocol family 2
[    0.482583] TCP established hash table entries: 8192 (order: 4, 65536 bytes)
[    0.484443] TCP bind hash table entries: 8192 (order: 5, 131072 bytes)
[    0.490643] TCP: Hash tables configured (established 8192 bind 8192)
[    0.495853] UDP hash table entries: 512 (order: 2, 16384 bytes)
[    0.498461] UDP-Lite hash table entries: 512 (order: 2, 16384 bytes)
[    0.500114] NET: Registered protocol family 1
[    0.501076] pci 0000:00:00.0: Limiting direct PCI/PCI transfers
[    0.502287] pci 0000:00:01.0: Activating ISA DMA hang workarounds
[    0.505903] pci 0000:00:02.0: Video device with shadowed ROM at [mem 0x000c0000-0x000dffff]
[    0.509897] Unpacking initramfs...
[    1.015284] Freeing initrd memory: 19216K
[    1.016953] clocksource: tsc: mask: 0xffffffffffffffff max_cycles: 0x255cb6cc5db, max_idle_ns: 440795203504 ns
[    1.019986] platform rtc_cmos: registered platform RTC device (no PNP device found)
[    1.022467] Scanning for low memory corruption every 60 seconds
[    1.024809] Initialise system trusted keyrings
[    1.025735] Key type blacklist registered
[    1.026746] workingset: timestamp_bits=36 max_order=18 bucket_order=0
[    1.029567] zbud: loaded
[    1.037547] squashfs: version 4.0 (2009/01/31) Phillip Lougher
[    1.039629] fuse init (API version 7.26)
[    1.047156] Key type asymmetric registered
[    1.047830] Asymmetric key parser 'x509' registered
[    1.048700] Block layer SCSI generic (bsg) driver version 0.4 loaded (major 246)
[    1.050325] io scheduler noop registered
[    1.051427] io scheduler deadline registered
[    1.052362] io scheduler cfq registered (default)
[    1.055043] ACPI: AC Adapter [AC] (on-line)
[    1.055883] input: Power Button as /devices/LNXSYSTM:00/LNXPWRBN:00/input/input0
[    1.057515] ACPI: Power Button [PWRF]
[    1.058305] input: Sleep Button as /devices/LNXSYSTM:00/LNXSLPBN:00/input/input1
[    1.059940] ACPI: Sleep Button [SLPF]
[    1.061497] Serial: 8250/16550 driver, 32 ports, IRQ sharing enabled
[    1.063006] ACPI: Battery Slot [BAT0] (battery present)
[    1.085348] 00:02: ttyS0 at I/O 0x3f8 (irq = 4, base_baud = 115200) is a 16550A
[    1.089129] Linux agpgart interface v0.103
[    1.091796] loop: module loaded
[    1.093373] scsi host0: ata_piix
[    1.094210] scsi host1: ata_piix
[    1.095412] ata1: PATA max UDMA/33 cmd 0x1f0 ctl 0x3f6 bmdma 0xd000 irq 14
[    1.097627] ata2: PATA max UDMA/33 cmd 0x170 ctl 0x376 bmdma 0xd008 irq 15
[    1.099869] libphy: Fixed MDIO Bus: probed
[    1.101537] tun: Universal TUN/TAP device driver, 1.6
[    1.104745] PPP generic driver version 2.4.2
[    1.105964] ehci_hcd: USB 2.0 'Enhanced' Host Controller (EHCI) Driver
[    1.107098] ehci-pci: EHCI PCI platform driver
[    1.107880] ehci-platform: EHCI generic platform driver
[    1.108794] ohci_hcd: USB 1.1 'Open' Host Controller (OHCI) Driver
[    1.109929] ohci-pci: OHCI PCI platform driver
[    1.111200] ohci-platform: OHCI generic platform driver
[    1.112932] uhci_hcd: USB Universal Host Controller Interface driver
[    1.114061] i8042: PNP: PS/2 Controller [PNP0303:PS2K,PNP0f03:PS2M] at 0x60,0x64 irq 1,12
[    1.116952] serio: i8042 KBD port at 0x60,0x64 irq 1
[    1.117799] serio: i8042 AUX port at 0x60,0x64 irq 12
[    1.118698] mousedev: PS/2 mouse device common for all mice
[    1.120834] input: AT Translated Set 2 keyboard as /devices/platform/i8042/serio0/input/input2
[    1.124140] rtc_cmos rtc_cmos: rtc core: registered rtc_cmos as rtc0
[    1.125637] rtc_cmos rtc_cmos: alarms up to one day, 114 bytes nvram
[    1.127827] i2c /dev entries driver
[    1.129482] device-mapper: uevent: version 1.0.3
[    1.131860] device-mapper: ioctl: 4.37.0-ioctl (2017-09-20) initialised: dm-devel@redhat.com
[    1.133755] ledtrig-cpu: registered to indicate activity on CPUs
[    1.135428] NET: Registered protocol family 10
[    1.148518] Segment Routing with IPv6
[    1.149192] NET: Registered protocol family 17
[    1.150206] Key type dns_resolver registered
[    1.151148] mce: Using 0 MCE banks
[    1.152093] RAS: Correctable Errors collector initialized.
[    1.153702] sched_clock: Marking stable (1153631249, 0)->(1438643653, -285012404)
[    1.155504] registered taskstats version 1
[    1.156275] Loading compiled-in X.509 certificates
[    1.159755] Loaded X.509 cert 'Build time autogenerated kernel key: be62403dcace2d46f96dafa9f42421c610ef3c2a'
[    1.161827] zswap: loaded using pool lzo/zbud
[    1.169545] Key type big_key registered
[    1.170998] Key type trusted registered
[    1.174802] Key type encrypted registered
[    1.176276] AppArmor: AppArmor sha1 policy hashing enabled
[    1.178538] ima: No TPM chip found, activating TPM-bypass! (rc=-19)
[    1.180493] ima: Allocated hash algorithm: sha1
[    1.182215] evm: HMAC attrs: 0x1
[    1.183897]   Magic number: 12:805:989
[    1.184827] rtc_cmos rtc_cmos: setting system clock to 2020-11-26 13:59:02 UTC (1606399142)
[    1.187129] BIOS EDD facility v0.16 2004-Jun-25, 0 devices found
[    1.188902] EDD information not available.
[    1.289449] Freeing unused kernel image memory: 2436K
[    1.300845] Write protecting the kernel read-only data: 20480k
[    1.303104] Freeing unused kernel image memory: 2008K
[    1.304861] Freeing unused kernel image memory: 1872K
[    1.312838] x86/mm: Checked W+X mappings: passed, no W+X pages found.
[    1.314182] x86/mm: Checking user space page tables
[    1.321503] x86/mm: Checked W+X mappings: passed, no W+X pages found.
Loading, please wait...
starting version 237
[    1.444506] Fusion MPT base driver 3.04.20
[    1.445717] Copyright (c) 1999-2008 LSI Corporation
[    1.447123] e1000: Intel(R) PRO/1000 Network Driver - version 7.3.21-k8-NAPI
[    1.448494] e1000: Copyright (c) 1999-2006 Intel Corporation.
[    1.465903] Fusion MPT SPI Host driver 3.04.20
[    1.477119] AVX2 version of gcm_enc/dec engaged.
[    1.479089] AES CTR mode by8 optimization enabled
[    1.674647] input: ImExPS/2 Generic Explorer Mouse as /devices/platform/i8042/serio1/input/input4
[    2.083594] e1000 0000:00:03.0 eth0: (PCI:33MHz:32-bit) 02:45:4d:8a:ec:99
[    2.085491] e1000 0000:00:03.0 eth0: Intel(R) PRO/1000 Network Connection
[    2.091469] e1000 0000:00:03.0 enp0s3: renamed from eth0
[    2.092269] mptbase: ioc0: Initiating bringup
[    2.188889] ioc0: LSI53C1030 A0: Capabilities={Initiator}
[    2.435912] scsi host2: ioc0: LSI53C1030 A0, FwRev=00000000h, Ports=1, MaxQ=256, IRQ=20
[    2.605939] scsi 2:0:0:0: Direct-Access     VBOX     HARDDISK         1.0  PQ: 0 ANSI: 5
[    2.636633] scsi target2:0:0: Beginning Domain Validation
[    2.639576] scsi target2:0:0: Domain Validation skipping write tests
[    2.641044] scsi target2:0:0: Ending Domain Validation
[    2.642724] scsi target2:0:0: asynchronous
[    2.646085] scsi 2:0:1:0: Direct-Access     VBOX     HARDDISK         1.0  PQ: 0 ANSI: 5
[    3.415813] scsi target2:0:1: Beginning Domain Validation
[    3.418092] random: fast init done
[    3.420275] scsi target2:0:1: Domain Validation skipping write tests
[    3.422852] scsi target2:0:1: Ending Domain Validation
[    3.424678] scsi target2:0:1: asynchronous
[    3.430838] random: systemd-udevd: uninitialized urandom read (16 bytes read)
[    3.431321] sd 2:0:0:0: [sda] 20971520 512-byte logical blocks: (10.7 GB/10.0 GiB)
[    3.432776] random: systemd-udevd: uninitialized urandom read (16 bytes read)
[    3.435469] sd 2:0:0:0: [sda] Write Protect is off
[    3.437454] random: systemd-udevd: uninitialized urandom read (16 bytes read)
[    3.440679] sd 2:0:0:0: Attached scsi generic sg0 type 0
[    3.443943] sd 2:0:0:0: [sda] Incomplete mode parameter data
[    3.445554] sd 2:0:1:0: [sdb] 20480 512-byte logical blocks: (10.5 MB/10.0 MiB)
[    3.447865] sd 2:0:0:0: [sda] Assuming drive cache: write through
[    3.450675] sd 2:0:1:0: [sdb] Write Protect is off
[    3.455939] sd 2:0:1:0: Attached scsi generic sg1 type 0
[    3.457940] sd 2:0:1:0: [sdb] Incomplete mode parameter data
[    3.459564] sd 2:0:1:0: [sdb] Assuming drive cache: write through
[    3.465541]  sda: sda1
[    3.468550] sd 2:0:0:0: [sda] Attached SCSI disk
[    3.468734] sd 2:0:1:0: [sdb] Attached SCSI disk
Begin: Loading essential drivers ... [    5.272930] raid6: sse2x1   gen()  6705 MB/s
[    5.320575] raid6: sse2x1   xor()  5070 MB/s
[    5.368176] raid6: sse2x2   gen()  5807 MB/s
[    5.425310] raid6: sse2x2   xor()  2208 MB/s
[    5.484843] raid6: sse2x4   gen()  4455 MB/s
[    5.536843] raid6: sse2x4   xor()  1180 MB/s
[    5.588369] raid6: avx2x1   gen()  4523 MB/s
[    5.636617] raid6: avx2x1   xor()  9082 MB/s
[    5.684718] raid6: avx2x2   gen() 15235 MB/s
[    5.732308] raid6: avx2x2   xor()  9684 MB/s
[    5.782792] raid6: avx2x4   gen() 11288 MB/s
[    5.842112] raid6: avx2x4   xor()   807 MB/s
[    5.843278] raid6: using algorithm avx2x2 gen() 15235 MB/s
[    5.865984] raid6: .... xor() 9684 MB/s, rmw enabled
[    5.867335] raid6: using avx2x2 recovery algorithm
[    5.885272] xor: automatically using best checksumming function   avx       
[    5.898140] async_tx: api initialized (async)
done.
Begin: Running /scripts/init-premount ... done.
Begin: Mounting root file system ... Begin: Running /scripts/local-top ... done.
Begin: Running /scripts/local-premount ... [    6.009902] Btrfs loaded, crc32c=crc32c-intel
Scanning for Btrfs filesystems
done.
Warning: fsck not present, so skipping root file system
[    6.082645] EXT4-fs (sda1): mounted filesystem with ordered data mode. Opts: (null)
done.
Begin: Running /scripts/local-bottom ... done.
Begin: Running /scripts/init-bottom ... done.
[    6.404948] ip_tables: (C) 2000-2006 Netfilter Core Team
[    6.419063] systemd[1]: systemd 237 running in system mode. (+PAM +AUDIT +SELINUX +IMA +APPARMOR +SMACK +SYSVINIT +UTMP +LIBCRYPTSETUP +GCRYPT +GNUTLS +ACL +XZ +LZ4 +SECCOMP +BLKID +ELFUTILS +KMOD -IDN2 +IDN -PCRE2 default-hierarchy=hybrid)
[    6.425344] systemd[1]: Detected virtualization oracle.
[    6.426673] systemd[1]: Detected architecture x86-64.

Welcome to [1mUbuntu 18.04.5 LTS[0m!

[    6.451262] systemd[1]: Set hostname to <ubuntu>.
[    6.459080] systemd[1]: Initializing machine ID from random generator.
[    6.460779] systemd[1]: Installed transient /etc/machine-id file.
[    6.971681] systemd[1]: Started Forward Password Requests to Wall Directory Watch.
[[0;32m  OK  [0m] Started Forward Password Requests to Wall Directory Watch.
[    6.975132] systemd[1]: Reached target Swap.
[[0;32m  OK  [0m] Reached target Swap.
[    6.976810] systemd[1]: Reached target User and Group Name Lookups.
[[0;32m  OK  [0m] Reached target User and Group Name Lookups.
[    6.980836] systemd[1]: Reached target System Time Synchronized.
[[0;32m  OK  [0m] Reached target System Time Synchronized.
[[0;32m  OK  [0m] Set up automount Arbitrary Executab…rmats File System Automount Point.
[[0;32m  OK  [0m] Created slice System Slice.
[[0;32m  OK  [0m] Listening on Device-mapper event daemon FIFOs.
[[0;32m  OK  [0m] Listening on LVM2 metadata daemon socket.
[[0;32m  OK  [0m] Listening on /dev/initctl Compatibility Named Pipe.
[[0;32m  OK  [0m] Listening on Journal Socket.
         Mounting Kernel Debug File System...
         Starting Monitoring of LVM2 mirrors…ng dmeventd or progress polling...
[[0;32m  OK  [0m] Listening on LVM2 poll daemon socket.
         Starting Load Kernel Modules...
         Mounting POSIX Message Queue File System...
[[0;32m  OK  [0m] Listening on Journal Socket (/dev/log).
         Mounting Huge Pages File System...
         Starting Remount Root and Kernel File Systems...
[[0;32m  OK  [0m] Listening on Syslog Socket.
         Starting Uncomplicated firewall...
[[0;32m  OK  [0m] Listening on udev Control Socket.
[[0;32m  OK  [0m] Listening on udev Kernel Socket.
         Starting udev Coldplug all Devices...
[[0;32m  OK  [0m] Listening on Network Service Netlink Socket.
[[0;32m  OK  [0m] Listening on Journal Audit Socket.
         Starting Journal Service...
[[0;32m  OK  [0m] Created slice system-serial\x2dgetty.slice.
[[0;32m  OK  [0m] Created slice User and Session Slice.
[[0;32m  OK  [0m] Reached target Slices.
         Starting Set the console keyboard layout...
         Starting Create list of required st…ce nodes for the current kernel...
[[0;32m  OK  [0m] Mounted Kernel Debug File System.
[[0;32m  OK  [0m] Mounted POSIX Message Queue File System.
[[0;32m  OK  [0m] Mounted Huge Pages File System.
[[0;32m  OK  [0m] Started Uncomplicated firewall.
[    7.137554] Loading iSCSI transport class v2.0-870.
[    7.145760] iscsi: registered transport (tcp)
[    7.148610] EXT4-fs (sda1): re-mounted. Opts: (null)
[[0;32m  OK  [0m] Started Remount Root and Kernel File Systems.
         Starting Load/Save Random Seed...
[[0;32m  OK  [0m] Started Journal Service.
[[0;32m  OK  [0m] Started Create list of required sta…vice nodes for the current kernel.
         Starting Create Static Device Nodes in /dev...
         Starting Flush Journal to Persistent Storage...
[[0;32m  OK  [0m] Started LVM2 metadata daemon.
[    7.291452] iscsi: registered transport (iser)
[[0;32m  OK  [0m] Started udev Coldplug all Devices.
[[0;32m  OK  [0m] Started Load Kernel Modules.
         Mounting Kernel Configuration File System...
         Starting Apply Kernel Variables...
         Mounting FUSE Control File System...
[[0;32m  OK  [0m] Mounted Kernel Configuration File System.
[[0;32m  OK  [0m] Mounted FUSE Control File System.
[[0;32m  OK  [0m] Started Load/Save Random Seed.
[    7.334132] systemd-journald[406]: Received request to flush runtime journal from PID 1
[[0;32m  OK  [0m] Started Monitoring of LVM2 mirrors,…sing dmeventd or progress polling.
[[0;32m  OK  [0m] Started Apply Kernel Variables.
[[0;32m  OK  [0m] Started Flush Journal to Persistent Storage.
[[0;32m  OK  [0m] Started Create Static Device Nodes in /dev.
         Starting udev Kernel Device Manager...
[[0;32m  OK  [0m] Started Set the console keyboard layout.
[[0;32m  OK  [0m] Reached target Local File Systems (Pre).
[[0;32m  OK  [0m] Reached target Local File Systems.
         Starting Commit a transient machine-id on disk...
         Starting Set console font and keymap...
         Starting AppArmor initialization...
         Starting Tell Plymouth To Write Out Runtime Data...
         Starting Create Volatile Files and Directories...
         Starting ebtables ruleset management...
[[0;32m  OK  [0m] Started udev Kernel Device Manager.
[[0;32m  OK  [0m] Started Set console font and keymap.
[[0;32m  OK  [0m] Started Dispatch Password Requests to Console Directory Watch.
[[0;32m  OK  [0m] Reached target Local Encrypted Volumes.
[[0;32m  OK  [0m] Started Tell Plymouth To Write Out Runtime Data.
[[0;32m  OK  [0m] Started Create Volatile Files and Directories.
         Starting Update UTMP about System Boot/Shutdown...
[[0;32m  OK  [0m] Started Update UTMP about System Boot/Shutdown.
[[0;32m  OK  [0m] Started Commit a transient machine-id on disk.
[[0;32m  OK  [0m] Started ebtables ruleset management.
[[0;32m  OK  [0m] Found device /dev/ttyS0.
[[0;32m  OK  [0m] Listening on Load/Save RF Kill Switch Status /dev/rfkill Watch.
[[0;32m  OK  [0m] Started AppArmor initialization.
         Starting Load AppArmor profiles managed internally by snapd...
         Starting Initial cloud-init job (pre-networking)...
[[0;32m  OK  [0m] Started Load AppArmor profiles managed internally by snapd.
[   11.653251] cloud-init[561]: Cloud-init v. 20.3-2-g371b392c-0ubuntu1~18.04.1 running 'init-local' at Thu, 26 Nov 2020 13:59:12 +0000. Up 10.88 seconds.
[[0;32m  OK  [0m] Started Initial cloud-init job (pre-networking).
[[0;32m  OK  [0m] Reached target Network (Pre).
         Starting Network Service...
[[0;32m  OK  [0m] Started Network Service.
         Starting Wait for Network to be Configured...
         Starting Network Name Resolution...
[[0;32m  OK  [0m] Started Network Name Resolution.
[[0;32m  OK  [0m] Reached target Host and Network Name Lookups.
[[0;32m  OK  [0m] Reached target Network.
[[0;32m  OK  [0m] Started Wait for Network to be Configured.
         Starting Initial cloud-init job (metadata service crawler)...
[   14.257264] cloud-init[663]: Cloud-init v. 20.3-2-g371b392c-0ubuntu1~18.04.1 running 'init' at Thu, 26 Nov 2020 13:59:15 +0000. Up 13.95 seconds.
[   14.262171] cloud-init[663]: ci-info: ++++++++++++++++++++++++++++++++++++++Net device info++++++++++++++++++++++++++++++++++++++
[   14.267902] cloud-init[663]: ci-info: +--------+------+----------------------------+---------------+--------+-------------------+
[   14.271883] cloud-init[663]: ci-info: | Device |  Up  |          Address           |      Mask     | Scope  |     Hw-Address    |
[   14.275475] cloud-init[663]: ci-info: +--------+------+----------------------------+---------------+--------+-------------------+
[   14.278660] cloud-init[663]: ci-info: | enp0s3 | True |         10.0.2.15          | 255.255.255.0 | global | 02:45:4d:8a:ec:99 |
[   14.292420] cloud-init[663]: ci-info: | enp0s3 | True | fe80::45:4dff:fe8a:ec99/64 |       .       |  link  | 02:45:4d:8a:ec:99 |
[   14.305170] cloud-init[663]: ci-info: |   lo   | True |         127.0.0.1          |   255.0.0.0   |  host  |         .         |
[   14.307580] cloud-init[663]: ci-info: |   lo   | True |          ::1/128           |       .       |  host  |         .         |
[   14.309313] cloud-init[663]: ci-info: +--------+------+----------------------------+---------------+--------+-------------------+
[   14.310956] cloud-init[663]: ci-info: ++++++++++++++++++++++++++++Route IPv4 info+++++++++++++++++++++++++++++
[   14.314508] cloud-init[663]: ci-info: +-------+-------------+----------+-----------------+-----------+-------+
[   14.317607] cloud-init[663]: ci-info: | Route | Destination | Gateway  |     Genmask     | Interface | Flags |
[   14.318955] cloud-init[663]: ci-info: +-------+-------------+----------+-----------------+-----------+-------+
[   14.320944] cloud-init[663]: ci-info: |   0   |   0.0.0.0   | 10.0.2.2 |     0.0.0.0     |   enp0s3  |   UG  |
[   14.323996] cloud-init[663]: ci-info: |   1   |   10.0.2.0  | 0.0.0.0  |  255.255.255.0  |   enp0s3  |   U   |
[   14.325510] cloud-init[663]: ci-info: |   2   |   10.0.2.2  | 0.0.0.0  | 255.255.255.255 |   enp0s3  |   UH  |
[   14.326934] cloud-init[663]: ci-info: +-------+-------------+----------+-----------------+-----------+-------+
[   14.328422] cloud-init[663]: ci-info: +++++++++++++++++++Route IPv6 info+++++++++++++++++++
[   14.330712] cloud-init[663]: ci-info: +-------+-------------+---------+-----------+-------+
[   14.332539] cloud-init[663]: ci-info: | Route | Destination | Gateway | Interface | Flags |
[   14.333774] cloud-init[663]: ci-info: +-------+-------------+---------+-----------+-------+
[   14.335340] cloud-init[663]: ci-info: |   1   |  fe80::/64  |    ::   |   enp0s3  |   U   |
[   14.337936] cloud-init[663]: ci-info: |   3   |    local    |    ::   |   enp0s3  |   U   |
[   14.339082] cloud-init[663]: ci-info: |   4   |   ff00::/8  |    ::   |   enp0s3  |   U   |
[   14.348635] cloud-init[663]: ci-info: +-------+-------------+---------+-----------+-------+
[   15.831623] cloud-init[663]: Generating public/private rsa key pair.
[   15.833053] cloud-init[663]: Your identification has been saved in /etc/ssh/ssh_host_rsa_key.
[   15.834563] cloud-init[663]: Your public key has been saved in /etc/ssh/ssh_host_rsa_key.pub.
[   15.835669] cloud-init[663]: The key fingerprint is:
[   15.837786] cloud-init[663]: SHA256:/uAl7iC6aPWCOLlUQZhARUgXRlh3pth/kcGshz63Tps root@ubuntu-bionic
[   15.839604] cloud-init[663]: The key's randomart image is:
[   15.853333] cloud-init[663]: +---[RSA 2048]----+
[   15.855483] cloud-init[663]: |=oXX.. oo.       |
[   15.857975] cloud-init[663]: | =+ + +  oo      |
[   15.869000] cloud-init[663]: |   o o  oo       |
[   15.881213] cloud-init[663]: |    . .o ..      |
[   15.881979] cloud-init[663]: |   .  ..S.       |
[   15.884628] cloud-init[663]: |  ..   +..       |
[   15.885310] cloud-init[663]: |.oo o . *.o      |
[   15.887259] cloud-init[663]: |=+ o o +.*o      |
[   15.888313] cloud-init[663]: |+oo..  .=E.      |
[   15.888958] cloud-init[663]: +----[SHA256]-----+
[   15.889575] cloud-init[663]: Generating public/private dsa key pair.
[   15.890326] cloud-init[663]: Your identification has been saved in /etc/ssh/ssh_host_dsa_key.
[   15.901286] cloud-init[663]: Your public key has been saved in /etc/ssh/ssh_host_dsa_key.pub.
[   15.902685] cloud-init[663]: The key fingerprint is:
[   15.917421] cloud-init[663]: SHA256:DBFWfZqLuRXfXJKoGnuqt7TMqshxGao1it6iJOSoZEM root@ubuntu-bionic
[   15.918656] cloud-init[663]: The key's randomart image is:
[   15.928523] cloud-init[663]: +---[DSA 1024]----+
[   15.929740] cloud-init[663]: |      +o..       |
[   15.940681] cloud-init[663]: |     . .  . .    |
[   15.941277] cloud-init[663]: |      .    + . . |
[   15.952627] cloud-init[663]: |       o  + . o .|
[   15.953805] cloud-init[663]: | E  .   So = o o |
[   15.954804] cloud-init[663]: |=  . o  + + . o  |
[   15.955907] cloud-init[663]: |o*= o   .*       |
[   15.956832] cloud-init[663]: |B*o=   +=..      |
[   15.968448] cloud-init[663]: |O.+...o+*+       |
[   15.984596] cloud-init[663]: +----[SHA256]-----+
[[0;32m  OK  [0m] Started Initial cloud-init job (metadata service crawler).
[[0;32m  OK  [0m] Reached target System Initialization.
[   16.002947] cloud-init[663]: Generating public/private ecdsa key pair.
         Starting Socket activation for snappy daemon.
[[0;32m  OK  [0m] Listening on ACPID Listen Socket.
[[0;32m  OK  [0m] Started Discard unused blocks once a week.
[[0;32m  OK  [0m] Listening on UUID daemon activation socket.
[   16.017636] [[0;32m  OK  [0m] Started Daily apt download activities.
[[0;32m  OK  [0m] Listening on D-Bus System Message Bus Socket.
[[0;32m  OK  [0m] Started Daily Cleanup of Temporary Directories.
cloud-init[663]: Your identification has been saved in /etc/ssh/ssh_host_ecdsa_key.
[   16.042906] cloud-init[663]: Your public key has been saved in /etc/ssh/ssh_host_ecdsa_key.pub.         Starting LXD - unix socket.
[[0;32m  OK  [0m] Listening on Open-iSCSI iscsid Socket.
[[0;32m  OK  [0m] Started Message of the Day.
[[0;32m  OK  [0m] Started Daily apt upgrade and clean activities.
[[0;32m  OK  [0m] Reached target Timers.

[   16.049041] cloud-init[663]: The key fingerprint is:
[   16.050196] cloud-init[663]: SHA256:pO3JPL777dihYxnhQBCR65bKuM9zZtbqYnj1hobsxY0 root@ubuntu-bionic
[   16.053461] cloud-init[663]: The key's randomart image is:
[   16.054650] cloud-init[663]: +---[ECDSA 256]---+
[   16.055746] cloud-init[663]: |      +=         |
[[0;32m  OK  [0m] Started ACPI Events Check.
[   16.065975] [[0;32m  OK  [0m] Reached target Paths.
[[0;32m  OK  [0m] Reached target Cloud-config availability.
[[0;32m  OK  [0m] Reached target Network is Online.
cloud-init[663]: |      . .        |
[[0;32m  OK  [0m] Reached target Remote File Systems (Pre).
[[0;32m  OK  [0m] Reached target Remote File Systems.
[   16.069429] cloud-init[663]: |       o.        |
[   16.070896] cloud-init[663]: |      .+. .      |
[   16.073246] cloud-init[663]: |     ...So .     |         Starting Availability of block devices...
[[0;32m  OK  [0m] Listening on Socket activation for snappy daemon.
[[0;32m  OK  [0m] Listening on LXD - unix socket.
[[0;32m  OK  [0m] Reached target Sockets.
[[0;32m  OK  [0m] Reached target Basic System.

         Starting Login Service...
[[0;32m  OK  [0m] Started FUSE filesystem for LXC.
[   16.088885] cloud-init[663]: |     .=* .o      |
[   16.092295] cloud-init[663]: |   = =E+B  o.    |
         Starting Virtualbox guest utils...
         Starting LXD - container startup/shutdown...
[   16.101396] cloud-init[663]: |  o.X.B.+.+= .   |
[   16.109226] cloud-init[663]: |  .*+Xoo+=+o+    |
[   16.111046] cloud-init[663]: +----[SHA256]-----+
[   16.114320] cloud-init[663]: Generating public/private ed25519 key pair.
[   16.118725] cloud-init[663]: Your identification has been saved in /etc/ssh/ssh_host_ed25519_key.
[   16.120723] cloud-init[663]: Your public key has been saved in /etc/ssh/ssh_host_ed25519_key.pub.
[   16.123526] cloud-init[663]: The key fingerprint is:
[   16.124759] cloud-init[663]: SHA256:p2jLPZRDik4O7Tc0PSPbdqxrxnaR+PU57TLumQVU2mw root@ubuntu-bionic
[   16.126534] cloud-init[663]: The key's randomart image is:
[   16.130757] cloud-init[663]: +--[ED25519 256]--+
[   16.131984] cloud-init[663]: |                .|
[   16.133250] cloud-init[663]: |               = |
[   16.134198] cloud-init[663]: |              o E|
[   16.135301] cloud-init[663]: |        .    . . |
[   16.136887] cloud-init[663]: |   . . +So..  .  |
[   16.148487] cloud-init[663]: |  . + =.Ooo .  . |
[   16.149493] cloud-init[663]: |   * .oB.* o . o.|
[   16.150930] cloud-init[663]: |    +o+oO =   *+.|
[   16.153512] cloud-init[663]: |     .o*+*   o==.|
[   16.160276] cloud-init[663]: +----[SHA256]-----+
[[0;32m  OK  [0m] Started Regular background program processing daemon.
         Starting System Logging Service...
[[0;32m  OK  [0m] Started irqbalance daemon.
[[0;32m  OK  [0m] Started Deferred execution scheduler.
         Starting LSB: automatic crash report generation...
         Starting Dispatcher daemon for systemd-networkd...
         Starting Pollinate to seed the pseudo random number generator...
[[0;32m  OK  [0m] Started D-Bus System Message Bus.
[[0;32m  OK  [0m] Started Login Service.
[[0;32m  OK  [0m] Started Unattended Upgrades Shutdown.
         Starting LSB: Record successful boot for GRUB...
         Starting Accounts Service...
         Starting Permit User Sessions...
         Starting Snap Daemon...
[[0;32m  OK  [0m] Started System Logging Service.
[[0;32m  OK  [0m] Started Availability of block devices.
[[0;32m  OK  [0m] Started Permit User Sessions.
         Starting Terminate Plymouth Boot Screen...
         Starting Hold until boot process finishes up...
[[0;32m  OK  [0m] Started Terminate Plymouth Boot Screen.
[[0;32m  OK  [0m] Started Hold until boot process finishes up.
         Starting Set console scheme...
[[0;32m  OK  [0m] Started Serial Getty on ttyS0.
[[0;32m  OK  [0m] Started LXD - container startup/shutdown.
[[0;32m  OK  [0m] Started Set console scheme.
[[0;32m  OK  [0m] Created slice system-getty.slice.
[[0;32m  OK  [0m] Started Getty on tty1.
[[0;32m  OK  [0m] Reached target Login Prompts.
         Starting Authorization Manager...
[[0;32m  OK  [0m] Started LSB: automatic crash report generation.
[[0;32m  OK  [0m] Started LSB: Record successful boot for GRUB.
[[0;32m  OK  [0m] Started Authorization Manager.
[[0;32m  OK  [0m] Started Accounts Service.
[[0;32m  OK  [0m] Started Virtualbox guest utils.
[[0;32m  OK  [0m] Started Dispatcher daemon for systemd-networkd.
[[0;32m  OK  [0m] Started Snap Daemon.
         Starting Wait until snapd is fully seeded...
[[0;32m  OK  [0m] Started Pollinate to seed the pseudo random number generator.
         Starting OpenBSD Secure Shell server...
[[0;32m  OK  [0m] Started OpenBSD Secure Shell server.
[[0;32m  OK  [0m] Created slice User Slice of vagrant.
         Starting User Manager for UID 1000...
[[0;32m  OK  [0m] Started Session 1 of user vagrant.
[[0;32m  OK  [0m] Started User Manager for UID 1000.
[[0;32m  OK  [0m] Started Wait until snapd is fully seeded.
[[0;32m  OK  [0m] Reached target Multi-User System.
[[0;32m  OK  [0m] Reached target Graphical Interface.
         Starting Update UTMP about System Runlevel Changes...
         Starting Apply the settings specified in cloud-config...
[[0;32m  OK  [0m] Started Update UTMP about System Runlevel Changes.
[   22.359484] cloud-init[1113]: Cloud-init v. 20.3-2-g371b392c-0ubuntu1~18.04.1 running 'modules:config' at Thu, 26 Nov 2020 13:59:21 +0000. Up 20.45 seconds.

Ubuntu 18.04.5 LTS ubuntu-bionic ttyS0

ubuntu-bionic login: ci-info: no authorized SSH keys fingerprints found for user ubuntu.
<14>Nov 26 13:59:24 ec2: 
<14>Nov 26 13:59:24 ec2: #############################################################
<14>Nov 26 13:59:24 ec2: -----BEGIN SSH HOST KEY FINGERPRINTS-----
<14>Nov 26 13:59:24 ec2: 1024 SHA256:DBFWfZqLuRXfXJKoGnuqt7TMqshxGao1it6iJOSoZEM root@ubuntu-bionic (DSA)
<14>Nov 26 13:59:24 ec2: 256 SHA256:pO3JPL777dihYxnhQBCR65bKuM9zZtbqYnj1hobsxY0 root@ubuntu-bionic (ECDSA)
<14>Nov 26 13:59:25 ec2: 256 SHA256:p2jLPZRDik4O7Tc0PSPbdqxrxnaR+PU57TLumQVU2mw root@ubuntu-bionic (ED25519)
<14>Nov 26 13:59:25 ec2: 2048 SHA256:/uAl7iC6aPWCOLlUQZhARUgXRlh3pth/kcGshz63Tps root@ubuntu-bionic (RSA)
<14>Nov 26 13:59:25 ec2: -----END SSH HOST KEY FINGERPRINTS-----
<14>Nov 26 13:59:25 ec2: #############################################################
-----BEGIN SSH HOST KEY KEYS-----
ecdsa-sha2-nistp256 AAAAE2VjZHNhLXNoYTItbmlzdHAyNTYAAAAIbmlzdHAyNTYAAABBBLvjXprONhCBGHJ5S8u7IUrPKsGHlHXRg+9I3qWO2ukhM/2o1E1vhNxcmH/WMjMzOTXz49AbwYIHh4lIMgDMEX4= root@ubuntu-bionic
ssh-ed25519 AAAAC3NzaC1lZDI1NTE5AAAAIDsSVp5OoteI7egAixZtuEcf9//vf40dkd4ZrIWSwW/5 root@ubuntu-bionic
ssh-rsa AAAAB3NzaC1yc2EAAAADAQABAAABAQCz5LgB29DrzYsykqxajY7wSVnqPWZYl4SKppHs1YkOagPl2Tey7xVI7rUTp7+Ox6gQPeaaex9fAzNF5z9exqxG0mKoPYNdpEYM1PPMvGddl3D7d8Ws2rpy4ALSfSBrHpSAiMoZIx/34snqqDYoNt0/rO9uDsfz/krQviGJV7Szn05U3OAX1zd/1/sRk8Kg18F96DUtbm248R/oMye9b6VtqTo+6+YqA/ipdhLhDFdgeTQFVmACglwXlfX4xm72l5Ywme2HFWd7Tl+MMIkiPfzktH5ludClUcDU9kQUaBBP2B6kkQyYjqkqzfKViwvnNy+Wnn16ZscYvc7GQGxp7jpx root@ubuntu-bionic
-----END SSH HOST KEY KEYS-----
[   23.739525] cloud-init[1246]: Cloud-init v. 20.3-2-g371b392c-0ubuntu1~18.04.1 running 'modules:final' at Thu, 26 Nov 2020 13:59:24 +0000. Up 23.44 seconds.
[   23.739686] cloud-init[1246]: ci-info: no authorized SSH keys fingerprints found for user ubuntu.
[   23.740294] cloud-init[1246]: Cloud-init v. 20.3-2-g371b392c-0ubuntu1~18.04.1 finished at Thu, 26 Nov 2020 13:59:25 +0000. Datasource DataSourceNoCloud [seed=/dev/sdb][dsmode=net].  Up 23.72 seconds
