[    0.000000] Initializing cgroup subsys cpuset
[    0.000000] Initializing cgroup subsys cpu
[    0.000000] Initializing cgroup subsys cpuacct
[    0.000000] Linux version 4.4.0-194-generic (buildd@lcy01-amd64-020) (gcc version 5.4.0 20160609 (Ubuntu 5.4.0-6ubuntu1~16.04.12) ) #226-Ubuntu SMP Wed Oct 21 10:19:36 UTC 2020 (Ubuntu 4.4.0-194.226-generic 4.4.236)
[    0.000000] Command line: BOOT_IMAGE=/boot/vmlinuz-4.4.0-194-generic root=LABEL=cloudimg-rootfs ro console=tty1 console=ttyS0
[    0.000000] KERNEL supported cpus:
[    0.000000]   Intel GenuineIntel
[    0.000000]   AMD AuthenticAMD
[    0.000000]   Centaur CentaurHauls
[    0.000000] x86/fpu: xstate_offset[2]:  576, xstate_sizes[2]:  256
[    0.000000] x86/fpu: Supporting XSAVE feature 0x01: 'x87 floating point registers'
[    0.000000] x86/fpu: Supporting XSAVE feature 0x02: 'SSE registers'
[    0.000000] x86/fpu: Supporting XSAVE feature 0x04: 'AVX registers'
[    0.000000] x86/fpu: Enabled xstate features 0x7, context size is 832 bytes, using 'standard' format.
[    0.000000] e820: BIOS-provided physical RAM map:
[    0.000000] BIOS-e820: [mem 0x0000000000000000-0x000000000009fbff] usable
[    0.000000] BIOS-e820: [mem 0x000000000009fc00-0x000000000009ffff] reserved
[    0.000000] BIOS-e820: [mem 0x00000000000f0000-0x00000000000fffff] reserved
[    0.000000] BIOS-e820: [mem 0x0000000000100000-0x000000003ffeffff] usable
[    0.000000] BIOS-e820: [mem 0x000000003fff0000-0x000000003fffffff] ACPI data
[    0.000000] BIOS-e820: [mem 0x00000000fec00000-0x00000000fec00fff] reserved
[    0.000000] BIOS-e820: [mem 0x00000000fee00000-0x00000000fee00fff] reserved
[    0.000000] BIOS-e820: [mem 0x00000000fffc0000-0x00000000ffffffff] reserved
[    0.000000] NX (Execute Disable) protection: active
[    0.000000] SMBIOS 2.5 present.
[    0.000000] Hypervisor detected: KVM
[    0.000000] e820: last_pfn = 0x3fff0 max_arch_pfn = 0x400000000
[    0.000000] MTRR: Disabled
[    0.000000] x86/PAT: MTRRs disabled, skipping PAT initialization too.
[    0.000000] CPU MTRRs all blank - virtualized system.
[    0.000000] x86/PAT: Configuration [0-7]: WB  WT  UC- UC  WB  WT  UC- UC  
[    0.000000] found SMP MP-table at [mem 0x0009fff0-0x0009ffff] mapped at [ffff88000009fff0]
[    0.000000] Scanning 1 areas for low memory corruption
[    0.000000] RAMDISK: [mem 0x362e0000-0x37167fff]
[    0.000000] ACPI: Early table checksum verification disabled
[    0.000000] ACPI: RSDP 0x00000000000E0000 000024 (v02 VBOX  )
[    0.000000] ACPI: XSDT 0x000000003FFF0030 00003C (v01 VBOX   VBOXXSDT 00000001 ASL  00000061)
[    0.000000] ACPI: FACP 0x000000003FFF00F0 0000F4 (v04 VBOX   VBOXFACP 00000001 ASL  00000061)
[    0.000000] ACPI: DSDT 0x000000003FFF0470 002325 (v02 VBOX   VBOXBIOS 00000002 INTL 20100528)
[    0.000000] ACPI: FACS 0x000000003FFF0200 000040
[    0.000000] ACPI: FACS 0x000000003FFF0200 000040
[    0.000000] ACPI: APIC 0x000000003FFF0240 00005C (v02 VBOX   VBOXAPIC 00000001 ASL  00000061)
[    0.000000] ACPI: SSDT 0x000000003FFF02A0 0001CC (v01 VBOX   VBOXCPUT 00000002 INTL 20100528)
[    0.000000] No NUMA configuration found
[    0.000000] Faking a node at [mem 0x0000000000000000-0x000000003ffeffff]
[    0.000000] NODE_DATA(0) allocated [mem 0x3ffeb000-0x3ffeffff]
[    0.000000] kvm-clock: Using msrs 4b564d01 and 4b564d00
[    0.000000] kvm-clock: cpu 0, msr 0:3ffe3001, primary cpu clock
[    0.000000] kvm-clock: using sched offset of 4288480915 cycles
[    0.000000] clocksource: kvm-clock: mask: 0xffffffffffffffff max_cycles: 0x1cd42e4dffb, max_idle_ns: 881590591483 ns
[    0.000000] Zone ranges:
[    0.000000]   DMA      [mem 0x0000000000001000-0x0000000000ffffff]
[    0.000000]   DMA32    [mem 0x0000000001000000-0x000000003ffeffff]
[    0.000000]   Normal   empty
[    0.000000]   Device   empty
[    0.000000] Movable zone start for each node
[    0.000000] Early memory node ranges
[    0.000000]   node   0: [mem 0x0000000000001000-0x000000000009efff]
[    0.000000]   node   0: [mem 0x0000000000100000-0x000000003ffeffff]
[    0.000000] Initmem setup node 0 [mem 0x0000000000001000-0x000000003ffeffff]
[    0.000000] ACPI: PM-Timer IO Port: 0x4008
[    0.000000] IOAPIC[0]: apic_id 2, version 32, address 0xfec00000, GSI 0-23
[    0.000000] ACPI: INT_SRC_OVR (bus 0 bus_irq 0 global_irq 2 dfl dfl)
[    0.000000] ACPI: INT_SRC_OVR (bus 0 bus_irq 9 global_irq 9 low level)
[    0.000000] Using ACPI (MADT) for SMP configuration information
[    0.000000] smpboot: Allowing 2 CPUs, 0 hotplug CPUs
[    0.000000] PM: Registered nosave memory: [mem 0x00000000-0x00000fff]
[    0.000000] PM: Registered nosave memory: [mem 0x0009f000-0x0009ffff]
[    0.000000] PM: Registered nosave memory: [mem 0x000a0000-0x000effff]
[    0.000000] PM: Registered nosave memory: [mem 0x000f0000-0x000fffff]
[    0.000000] e820: [mem 0x40000000-0xfebfffff] available for PCI devices
[    0.000000] Booting paravirtualized kernel on KVM
[    0.000000] clocksource: refined-jiffies: mask: 0xffffffff max_cycles: 0xffffffff, max_idle_ns: 7645519600211568 ns
[    0.000000] setup_percpu: NR_CPUS:512 nr_cpumask_bits:512 nr_cpu_ids:2 nr_node_ids:1
[    0.000000] PERCPU: Embedded 33 pages/cpu @ffff88003fc00000 s95512 r8192 d31464 u1048576
[    0.000000] Built 1 zonelists in Node order, mobility grouping on.  Total pages: 257912
[    0.000000] Policy zone: DMA32
[    0.000000] Kernel command line: BOOT_IMAGE=/boot/vmlinuz-4.4.0-194-generic root=LABEL=cloudimg-rootfs ro console=tty1 console=ttyS0
[    0.000000] PID hash table entries: 4096 (order: 3, 32768 bytes)
[    0.000000] Memory: 997664K/1048120K available (8640K kernel code, 1337K rwdata, 4040K rodata, 1492K init, 1296K bss, 50456K reserved, 0K cma-reserved)
[    0.000000] SLUB: HWalign=64, Order=0-3, MinObjects=0, CPUs=2, Nodes=1
[    0.000000] Kernel/User page tables isolation: enabled
[    0.000000] Hierarchical RCU implementation.
[    0.000000] 	Build-time adjustment of leaf fanout to 64.
[    0.000000] 	RCU restricting CPUs from NR_CPUS=512 to nr_cpu_ids=2.
[    0.000000] RCU: Adjusting geometry for rcu_fanout_leaf=64, nr_cpu_ids=2
[    0.000000] NR_IRQS:33024 nr_irqs:440 16
[    0.000000] Console: colour VGA+ 80x25
[    0.000000] console [tty1] enabled
[    0.000000] console [ttyS0] enabled
[    0.000000] tsc: Detected 2592.002 MHz processor
[    0.183474] Calibrating delay loop (skipped) preset value.. 5184.00 BogoMIPS (lpj=10368008)
[    0.185319] pid_max: default: 32768 minimum: 301
[    0.186522] ACPI: Core revision 20150930
[    0.189470] ACPI: 2 ACPI AML tables successfully acquired and loaded
[    0.191032] Security Framework initialized
[    0.192198] Yama: becoming mindful.
[    0.193025] AppArmor: AppArmor initialized
[    0.194069] Dentry cache hash table entries: 131072 (order: 8, 1048576 bytes)
[    0.199962] Inode-cache hash table entries: 65536 (order: 7, 524288 bytes)
[    0.202202] Mount-cache hash table entries: 2048 (order: 2, 16384 bytes)
[    0.204670] Mountpoint-cache hash table entries: 2048 (order: 2, 16384 bytes)
[    0.206996] Initializing cgroup subsys io
[    0.208034] Initializing cgroup subsys memory
[    0.209208] Initializing cgroup subsys devices
[    0.211066] Initializing cgroup subsys freezer
[    0.212475] Initializing cgroup subsys net_cls
[    0.213569] Initializing cgroup subsys perf_event
[    0.214685] Initializing cgroup subsys net_prio
[    0.215710] Initializing cgroup subsys hugetlb
[    0.216833] Initializing cgroup subsys pids
[    0.219236] mce: CPU supports 0 MCE banks
[    0.220688] Last level iTLB entries: 4KB 64, 2MB 8, 4MB 8
[    0.222464] Last level dTLB entries: 4KB 64, 2MB 0, 4MB 0, 1GB 4
[    0.224329] Spectre V1 : Mitigation: usercopy/swapgs barriers and __user pointer sanitization
[    0.226726] Spectre V2 : Mitigation: Full generic retpoline
[    0.228128] Spectre V2 : Spectre v2 / SpectreRSB mitigation: Filling RSB on context switch
[    0.230217] Speculative Store Bypass: Vulnerable
[    0.231433] SRBDS: Unknown: Dependent on hypervisor status
[    0.232951] MDS: Mitigation: Clear CPU buffers
[    0.238595] Freeing SMP alternatives memory: 36K
[    0.248189] ftrace: allocating 32346 entries in 127 pages
[    0.325310] smpboot: APIC(0) Converting physical 0 to logical package 0
[    0.327306] smpboot: Max logical packages: 1
[    0.329190] x2apic enabled
[    0.330318] Switched APIC routing to physical x2apic.
[    0.332476] ..TIMER: vector=0x30 apic1=0 pin1=2 apic2=-1 pin2=-1
[    0.441766] smpboot: CPU0: Intel(R) Core(TM) i7-6700HQ CPU @ 2.60GHz (family: 0x6, model: 0x5e, stepping: 0x3)
[    0.444558] Performance Events: unsupported p6 CPU model 94 no PMU driver, software events only.
[    0.459276] KVM setup paravirtual spinlock
[    0.461190] x86: Booting SMP configuration:
[    0.462415] .... node  #0, CPUs:      #1
[    0.463693] kvm-clock: cpu 1, msr 0:3ffe3041, secondary cpu clock
[    0.466038] mce: CPU supports 0 MCE banks
[    0.468728] x86: Booted up 1 node, 2 CPUs
[    0.470047] smpboot: Total of 2 processors activated (10368.00 BogoMIPS)
[    0.472284] devtmpfs: initialized
[    0.475175] evm: security.selinux
[    0.476086] evm: security.SMACK64
[    0.477065] evm: security.SMACK64EXEC
[    0.478094] evm: security.SMACK64TRANSMUTE
[    0.479460] evm: security.SMACK64MMAP
[    0.480369] evm: security.ima
[    0.481069] evm: security.capability
[    0.482258] clocksource: jiffies: mask: 0xffffffff max_cycles: 0xffffffff, max_idle_ns: 7645041785100000 ns
[    0.484277] futex hash table entries: 512 (order: 3, 32768 bytes)
[    0.485923] pinctrl core: initialized pinctrl subsystem
[    0.487476] RTC time:  9:25:57, date: 11/26/20
[    0.488982] NET: Registered protocol family 16
[    0.499137] cpuidle: using governor ladder
[    0.511064] cpuidle: using governor menu
[    0.513036] PCCT header not found.
[    0.514382] ACPI: bus type PCI registered
[    0.515517] acpiphp: ACPI Hot Plug PCI Controller Driver version: 0.5
[    0.517708] PCI: Using configuration type 1 for base access
[    0.532929] ACPI: Added _OSI(Module Device)
[    0.534577] ACPI: Added _OSI(Processor Device)
[    0.535897] ACPI: Added _OSI(3.0 _SCP Extensions)
[    0.537514] ACPI: Added _OSI(Processor Aggregator Device)
[    0.540202] ACPI: Executed 1 blocks of module-level executable AML code
[    0.544028] ACPI: Interpreter enabled
[    0.545026] ACPI: (supports S0 S5)
[    0.546030] ACPI: Using IOAPIC for interrupt routing
[    0.547431] PCI: Using host bridge windows from ACPI; if necessary, use "pci=nocrs" and report a bug
[    0.557261] ACPI: PCI Root Bridge [PCI0] (domain 0000 [bus 00-ff])
[    0.559190] acpi PNP0A03:00: _OSC: OS supports [ASPM ClockPM Segments MSI]
[    0.562547] acpi PNP0A03:00: _OSC: not requesting OS control; OS requires [ExtendedConfig ASPM ClockPM MSI]
[    0.566210] acpi PNP0A03:00: fail to add MMCONFIG information, can't access extended PCI configuration space under this bridge.
[    0.574440] PCI host bridge to bus 0000:00
[    0.575757] pci_bus 0000:00: root bus resource [io  0x0000-0x0cf7 window]
[    0.578170] pci_bus 0000:00: root bus resource [io  0x0d00-0xffff window]
[    0.581259] pci_bus 0000:00: root bus resource [mem 0x000a0000-0x000bffff window]
[    0.584178] pci_bus 0000:00: root bus resource [mem 0x40000000-0xfdffffff window]
[    0.586463] pci_bus 0000:00: root bus resource [bus 00-ff]
[    0.592495] pci 0000:00:01.1: legacy IDE quirk: reg 0x10: [io  0x01f0-0x01f7]
[    0.594573] pci 0000:00:01.1: legacy IDE quirk: reg 0x14: [io  0x03f6]
[    0.597766] pci 0000:00:01.1: legacy IDE quirk: reg 0x18: [io  0x0170-0x0177]
[    0.615636] pci 0000:00:01.1: legacy IDE quirk: reg 0x1c: [io  0x0376]
[    0.703538] pci 0000:00:07.0: quirk: [io  0x4000-0x403f] claimed by PIIX4 ACPI
[    0.706859] pci 0000:00:07.0: quirk: [io  0x4100-0x410f] claimed by PIIX4 SMB
[    0.727960] ACPI: PCI Interrupt Link [LNKA] (IRQs 5 9 10 *11)
[    0.735302] ACPI: PCI Interrupt Link [LNKB] (IRQs 5 9 *10 11)
[    0.738415] ACPI: PCI Interrupt Link [LNKC] (IRQs 5 *9 10 11)
[    0.740879] ACPI: PCI Interrupt Link [LNKD] (IRQs 5 9 10 *11)
[    0.744026] ACPI: Enabled 2 GPEs in block 00 to 07
[    0.746164] vgaarb: setting as boot device: PCI:0000:00:02.0
[    0.747596] vgaarb: device added: PCI:0000:00:02.0,decodes=io+mem,owns=io+mem,locks=none
[    0.749615] vgaarb: loaded
[    0.750460] vgaarb: bridge control possible 0000:00:02.0
[    0.752051] SCSI subsystem initialized
[    0.753467] ACPI: bus type USB registered
[    0.755249] usbcore: registered new interface driver usbfs
[    0.757182] usbcore: registered new interface driver hub
[    0.759545] usbcore: registered new device driver usb
[    0.761751] PCI: Using ACPI for IRQ routing
[    0.769820] NetLabel: Initializing
[    0.771507] NetLabel:  domain hash size = 128
[    0.772888] NetLabel:  protocols = UNLABELED CIPSOv4
[    0.774652] NetLabel:  unlabeled traffic allowed by default
[    0.776969] amd_nb: Cannot enumerate AMD northbridges
[    0.778190] clocksource: Switched to clocksource kvm-clock
[    0.796703] AppArmor: AppArmor Filesystem Enabled
[    0.798067] pnp: PnP ACPI init
[    0.799843] pnp: PnP ACPI: found 3 devices
[    0.810588] clocksource: acpi_pm: mask: 0xffffff max_cycles: 0xffffff, max_idle_ns: 2085701024 ns
[    0.813050] NET: Registered protocol family 2
[    0.814521] TCP established hash table entries: 8192 (order: 4, 65536 bytes)
[    0.816286] TCP bind hash table entries: 8192 (order: 5, 131072 bytes)
[    0.818309] TCP: Hash tables configured (established 8192 bind 8192)
[    0.820793] UDP hash table entries: 512 (order: 2, 16384 bytes)
[    0.822383] UDP-Lite hash table entries: 512 (order: 2, 16384 bytes)
[    0.824066] NET: Registered protocol family 1
[    0.825290] pci 0000:00:00.0: Limiting direct PCI/PCI transfers
[    0.826817] pci 0000:00:01.0: Activating ISA DMA hang workarounds
[    0.828540] Unpacking initramfs...
[    1.243234] Freeing initrd memory: 14880K
[    1.244963] clocksource: tsc: mask: 0xffffffffffffffff max_cycles: 0x255cb8d7d74, max_idle_ns: 440795265546 ns
[    1.248896] platform rtc_cmos: registered platform RTC device (no PNP device found)
[    1.251434] Scanning for low memory corruption every 60 seconds
[    1.253484] audit: initializing netlink subsys (disabled)
[    1.255016] audit: type=2000 audit(1606382763.924:1): initialized
[    1.256782] Initialise system trusted keyring
[    1.258143] HugeTLB registered 2 MB page size, pre-allocated 0 pages
[    1.260951] zbud: loaded
[    1.262268] VFS: Disk quotas dquot_6.6.0
[    1.263550] VFS: Dquot-cache hash table entries: 512 (order 0, 4096 bytes)
[    1.265628] squashfs: version 4.0 (2009/01/31) Phillip Lougher
[    1.268148] fuse init (API version 7.23)
[    1.269657] Key type big_key registered
[    1.271449] Allocating IMA MOK and blacklist keyrings.
[    1.275784] Key type asymmetric registered
[    1.277194] Asymmetric key parser 'x509' registered
[    1.278564] Block layer SCSI generic (bsg) driver version 0.4 loaded (major 249)
[    1.280973] io scheduler noop registered
[    1.282273] io scheduler deadline registered (default)
[    1.283947] io scheduler cfq registered
[    1.285339] pci_hotplug: PCI Hot Plug PCI Core version: 0.5
[    1.287209] pciehp: PCI Express Hot Plug Controller Driver version: 0.4
[    1.288790] ACPI: AC Adapter [AC] (on-line)
[    1.289900] input: Power Button as /devices/LNXSYSTM:00/LNXPWRBN:00/input/input0
[    1.291741] ACPI: Power Button [PWRF]
[    1.292730] input: Sleep Button as /devices/LNXSYSTM:00/LNXSLPBN:00/input/input1
[    1.294890] ACPI: Sleep Button [SLPF]
[    1.297028] GHES: HEST is not enabled!
[    1.299130] Serial: 8250/16550 driver, 32 ports, IRQ sharing enabled
[    1.322951] 00:02: ttyS0 at I/O 0x3f8 (irq = 4, base_baud = 115200) is a 16550A
[    1.322963] ACPI: Battery Slot [BAT0] (battery present)
[    1.330680] Linux agpgart interface v0.103
[    1.334813] loop: module loaded
[    1.338153] scsi host0: ata_piix
[    1.340593] scsi host1: ata_piix
[    1.341626] ata1: PATA max UDMA/33 cmd 0x1f0 ctl 0x3f6 bmdma 0xd000 irq 14
[    1.343510] ata2: PATA max UDMA/33 cmd 0x170 ctl 0x376 bmdma 0xd008 irq 15
[    1.345633] libphy: Fixed MDIO Bus: probed
[    1.346917] tun: Universal TUN/TAP device driver, 1.6
[    1.348414] tun: (C) 1999-2004 Max Krasnyansky <maxk@qualcomm.com>
[    1.350327] PPP generic driver version 2.4.2
[    1.351764] ehci_hcd: USB 2.0 'Enhanced' Host Controller (EHCI) Driver
[    1.353365] ehci-pci: EHCI PCI platform driver
[    1.354592] ehci-platform: EHCI generic platform driver
[    1.356008] ohci_hcd: USB 1.1 'Open' Host Controller (OHCI) Driver
[    1.357884] ohci-pci: OHCI PCI platform driver
[    1.359383] ohci-platform: OHCI generic platform driver
[    1.361089] uhci_hcd: USB Universal Host Controller Interface driver
[    1.364503] i8042: PNP: PS/2 Controller [PNP0303:PS2K,PNP0f03:PS2M] at 0x60,0x64 irq 1,12
[    1.367643] serio: i8042 KBD port at 0x60,0x64 irq 1
[    1.368822] serio: i8042 AUX port at 0x60,0x64 irq 12
[    1.370448] mousedev: PS/2 mouse device common for all mice
[    1.373024] input: AT Translated Set 2 keyboard as /devices/platform/i8042/serio0/input/input2
[    1.375586] rtc_cmos rtc_cmos: rtc core: registered rtc_cmos as rtc0
[    1.377489] rtc_cmos rtc_cmos: alarms up to one day, 114 bytes nvram
[    1.379502] i2c /dev entries driver
[    1.381055] device-mapper: uevent: version 1.0.3
[    1.382946] device-mapper: ioctl: 4.34.0-ioctl (2015-10-28) initialised: dm-devel@redhat.com
[    1.384955] ledtrig-cpu: registered to indicate activity on CPUs
[    1.387194] NET: Registered protocol family 10
[    1.388789] NET: Registered protocol family 17
[    1.389954] Key type dns_resolver registered
[    1.391667] registered taskstats version 1
[    1.392862] Loading compiled-in X.509 certificates
[    1.395860] Loaded X.509 cert 'Build time autogenerated kernel key: 12717d7bded22cc9f4c9021cf049cb5c0a2cb7b0'
[    1.399932] zswap: loaded using pool lzo/zbud
[    1.405416] Key type trusted registered
[    1.412073] Key type encrypted registered
[    1.413669] AppArmor: AppArmor sha1 policy hashing enabled
[    1.415237] ima: No TPM chip found, activating TPM-bypass!
[    1.417203] ima: Allocated hash algorithm: sha1
[    1.418707] evm: HMAC attrs: 0x1
[    1.421585]   Magic number: 12:313:425
[    1.422762] rtc_cmos rtc_cmos: setting system clock to 2020-11-26 09:25:58 UTC (1606382758)
[    1.425127] BIOS EDD facility v0.16 2004-Jun-25, 0 devices found
[    1.426810] EDD information not available.
[    1.526670] Freeing unused kernel memory: 1492K
[    1.528274] Write protecting the kernel read-only data: 14336k
[    1.530559] Freeing unused kernel memory: 1588K
[    1.531919] Freeing unused kernel memory: 56K
Loading, please wait...
starting version 229
[    1.555780] random: systemd-udevd: uninitialized urandom read (16 bytes read, 3 bits of entropy available)
[    1.556946] random: udevadm: uninitialized urandom read (16 bytes read, 3 bits of entropy available)
[    1.556969] random: udevadm: uninitialized urandom read (16 bytes read, 3 bits of entropy available)
[    1.566822] random: systemd-udevd: uninitialized urandom read (16 bytes read, 3 bits of entropy available)
[    1.569818] random: systemd-udevd: uninitialized urandom read (16 bytes read, 3 bits of entropy available)
[    1.572316] random: udevadm: uninitialized urandom read (16 bytes read, 3 bits of entropy available)
[    1.572373] random: udevadm: uninitialized urandom read (16 bytes read, 3 bits of entropy available)
[    1.572706] random: udevadm: uninitialized urandom read (16 bytes read, 3 bits of entropy available)
[    1.572797] random: udevadm: uninitialized urandom read (16 bytes read, 3 bits of entropy available)
[    1.572901] random: udevadm: uninitialized urandom read (16 bytes read, 3 bits of entropy available)
[    1.633790] Fusion MPT base driver 3.04.20
[    1.635269] Copyright (c) 1999-2008 LSI Corporation
[    1.637256] e1000: Intel(R) PRO/1000 Network Driver - version 7.3.21-k8-NAPI
[    1.639072] e1000: Copyright (c) 1999-2006 Intel Corporation.
[    1.642791] Fusion MPT SPI Host driver 3.04.20
[    1.697628] AVX2 version of gcm_enc/dec engaged.
[    1.700749] AES CTR mode by8 optimization enabled
[    1.880718] input: ImExPS/2 Generic Explorer Mouse as /devices/platform/i8042/serio1/input/input4
[    2.263562] e1000 0000:00:03.0 eth0: (PCI:33MHz:32-bit) 02:e0:65:d0:24:0e
[    2.265963] e1000 0000:00:03.0 eth0: Intel(R) PRO/1000 Network Connection
[    2.269458] mptbase: ioc0: Initiating bringup
[    2.270905] e1000 0000:00:03.0 enp0s3: renamed from eth0
[    2.882465] ioc0: LSI53C1030 A0: Capabilities={Initiator}
[    5.318501] scsi host2: ioc0: LSI53C1030 A0, FwRev=00000000h, Ports=1, MaxQ=256, IRQ=20
[    6.915955] scsi 2:0:0:0: Direct-Access     VBOX     HARDDISK         1.0  PQ: 0 ANSI: 5
[    6.919282] scsi target2:0:0: Beginning Domain Validation
[    6.923934] scsi target2:0:0: Domain Validation skipping write tests
[    6.926046] scsi target2:0:0: Ending Domain Validation
[    6.927837] scsi target2:0:0: asynchronous
[    6.929762] scsi 2:0:1:0: Direct-Access     VBOX     HARDDISK         1.0  PQ: 0 ANSI: 5
[    6.932219] scsi target2:0:1: Beginning Domain Validation
[    6.935526] scsi target2:0:1: Domain Validation skipping write tests
[    6.937290] scsi target2:0:1: Ending Domain Validation
[    6.950551] scsi target2:0:1: asynchronous
[    6.961939] sd 2:0:0:0: [sda] 20971520 512-byte logical blocks: (10.7 GB/10.0 GiB)
[    6.962177] sd 2:0:0:0: Attached scsi generic sg0 type 0
[    6.963258] sd 2:0:1:0: Attached scsi generic sg1 type 0
[    6.968925] sd 2:0:1:0: [sdb] 20480 512-byte logical blocks: (10.5 MB/10.0 MiB)
[    6.969147] sd 2:0:0:0: [sda] Write Protect is off
[    6.969250] sd 2:0:0:0: [sda] Incomplete mode parameter data
[    6.969252] sd 2:0:0:0: [sda] Assuming drive cache: write through
[    6.975548]  sda: sda1
[    6.976593] sd 2:0:0:0: [sda] Attached SCSI disk
[    6.979874] sd 2:0:1:0: [sdb] Write Protect is off
[    6.981657] sd 2:0:1:0: [sdb] Incomplete mode parameter data
[    6.983224] sd 2:0:1:0: [sdb] Assuming drive cache: write through
[    6.990892] sd 2:0:1:0: [sdb] Attached SCSI disk
Begin: Loading essential drivers ... [    8.476040] md: linear personality registered for level -1
[    8.481183] md: multipath personality registered for level -4
[    8.485727] md: raid0 personality registered for level 0
[    8.491736] md: raid1 personality registered for level 1
[    8.562680] raid6: sse2x1   gen()  7109 MB/s
[    8.630975] raid6: sse2x1   xor()  5591 MB/s
[    8.698845] raid6: sse2x2   gen()  8745 MB/s
[    8.766692] raid6: sse2x2   xor()  6493 MB/s
[    8.835052] raid6: sse2x4   gen() 10135 MB/s
[    8.902353] raid6: sse2x4   xor()  5167 MB/s
[    8.970859] raid6: avx2x1   gen() 13373 MB/s
[    9.039005] raid6: avx2x2   gen() 14398 MB/s
[    9.106384] raid6: avx2x4   gen() 16025 MB/s
[    9.107731] raid6: using algorithm avx2x4 gen() 16025 MB/s
[    9.109213] raid6: using avx2x2 recovery algorithm
[    9.112200] xor: automatically using best checksumming function:
[    9.150753]    avx       : 22976.000 MB/sec
[    9.153467] async_tx: api initialized (async)
[    9.165656] md: raid6 personality registered for level 6
[    9.167065] md: raid5 personality registered for level 5
[    9.168278] md: raid4 personality registered for level 4
[    9.178663] md: raid10 personality registered for level 10
done.
Begin: Running /scripts/init-premount ... done.
Begin: Mounting root file system ... Begin: Running /scripts/local-top ... done.
Begin: Running /scripts/local-premount ... [    9.230579] Btrfs loaded
Scanning for Btrfs filesystems
done.
Warning: fsck not present, so skipping root file system
[    9.275333] EXT4-fs (sda1): mounted filesystem with ordered data mode. Opts: (null)
done.
Begin: Running /scripts/local-bottom ... done.
Begin: Running /scripts/init-bottom ... done.
[    9.401654] systemd[1]: systemd 229 running in system mode. (+PAM +AUDIT +SELINUX +IMA +APPARMOR +SMACK +SYSVINIT +UTMP +LIBCRYPTSETUP +GCRYPT +GNUTLS +ACL +XZ -LZ4 +SECCOMP +BLKID +ELFUTILS +KMOD -IDN)
[    9.406403] systemd[1]: Detected virtualization oracle.
[    9.407628] systemd[1]: Detected architecture x86-64.

Welcome to [1mUbuntu 16.04.7 LTS[0m!

[    9.411852] systemd[1]: Set hostname to <ubuntu>.
[    9.417118] systemd[1]: Initializing machine ID from random generator.
[    9.419405] systemd[1]: Installed transient /etc/machine-id file.
[    9.616663] systemd[1]: Reached target Swap.
[[0;32m  OK  [0m] Reached target Swap.
[    9.619659] systemd[1]: Listening on Device-mapper event daemon FIFOs.
[[0;32m  OK  [0m] Listening on Device-mapper event daemon FIFOs.
[    9.623225] systemd[1]: Listening on LVM2 metadata daemon socket.
[[0;32m  OK  [0m] Listening on LVM2 metadata daemon socket.
[    9.625971] systemd[1]: Listening on LVM2 poll daemon socket.
[[0;32m  OK  [0m] Listening on LVM2 poll daemon socket.
[    9.628614] systemd[1]: Listening on udev Control Socket.
[[0;32m  OK  [0m] Listening on udev Control Socket.
[    9.631259] systemd[1]: Reached target User and Group Name Lookups.
[[0;32m  OK  [0m] Reached target User and Group Name Lookups.
[    9.634196] systemd[1]: Set up automount Arbitrary Executable File Formats File System Automount Point.
[[0;32m  OK  [0m] Set up automount Arbitrary Executab...ats File System Automount Point.
[    9.638471] systemd[1]: Started Forward Password Requests to Wall Directory Watch.
[[0;32m  OK  [0m] Started Forward Password Requests to Wall Directory Watch.
[    9.642337] systemd[1]: Created slice User and Session Slice.
[[0;32m  OK  [0m] Created slice User and Session Slice.
[    9.645058] systemd[1]: Reached target System Time Synchronized.
[[0;32m  OK  [0m] Reached target System Time Synchronized.
[    9.647818] systemd[1]: Started Trigger resolvconf update for networkd DNS.
[[0;32m  OK  [0m] Started Trigger resolvconf update for networkd DNS.
[    9.650673] systemd[1]: Listening on udev Kernel Socket.
[[0;32m  OK  [0m] Listening on udev Kernel Socket.
[    9.653270] systemd[1]: Created slice System Slice.
[[0;32m  OK  [0m] Created slice System Slice.
[    9.656068] systemd[1]: Created slice system-serial\x2dgetty.slice.
[[0;32m  OK  [0m] Created slice system-serial\x2dgetty.slice.
[    9.658954] systemd[1]: Listening on Journal Socket (/dev/log).
[[0;32m  OK  [0m] Listening on Journal Socket (/dev/log).
[    9.661484] systemd[1]: Reached target Encrypted Volumes.
[[0;32m  OK  [0m] Reached target Encrypted Volumes.
[    9.664098] systemd[1]: Listening on /dev/initctl Compatibility Named Pipe.
[[0;32m  OK  [0m] Listening on /dev/initctl Compatibility Named Pipe.
[    9.667210] systemd[1]: Listening on Journal Socket.
[[0;32m  OK  [0m] Listening on Journal Socket.
[    9.683252] systemd[1]: Mounting POSIX Message Queue File System...
         Mounting POSIX Message Queue File System...
[    9.687551] systemd[1]: Starting Monitoring of LVM2 mirrors, snapshots etc. using dmeventd or progress polling...
         Starting Monitoring of LVM2 mirrors... dmeventd or progress polling...
[    9.692468] systemd[1]: Starting Remount Root and Kernel File Systems...
         Starting Remount Root and Kernel File Systems...
[    9.697879] systemd[1]: Mounting Huge Pages File System...
[    9.701044] EXT4-fs (sda1): re-mounted. Opts: (null)
         Mounting Huge Pages File System...
[    9.712959] systemd[1]: Starting Load Kernel Modules...
         Starting Load Kernel Modules...
[    9.716574] systemd[1]: Starting Uncomplicated firewall...
         Starting Uncomplicated firewall...
[    9.723189] systemd[1]: Starting Create list of required static device nodes for the current kernel...
         Starting Create list of required st... nodes for the current kernel...
[    9.734134] Loading iSCSI transport class v2.0-870.
[    9.736931] systemd[1]: Starting Nameserver information manager...
         Starting Nameserver information manager...
[    9.741190] systemd[1]: Mounting Debug File System...
         Mounting Debug File System...
[    9.744100] systemd[1]: Listening on Syslog Socket.
[[0;32m  OK  [0m] Listening on Syslog Socket.
[    9.747549] systemd[1]: Listening on Journal Audit Socket.
[[0;32m  OK  [0m] Listening on Journal Audit Socket.
[    9.751410] systemd[1]: Starting Journal Service...
         Starting Journal Service...
[    9.754050] iscsi: registered transport (tcp)
[    9.754975] systemd[1]: Reached target Slices.
[[0;32m  OK  [0m] Reached target Slices.
[    9.759100] systemd[1]: Starting Set console keymap...
         Starting Set console keymap...
[    9.767020] systemd[1]: Mounted Huge Pages File System.
[[0;32m  OK  [0m] Mounted Huge Pages File System.
[    9.769307] systemd[1]: Mounted Debug File System.
[[0;32m  OK  [0m] Mounted Debug File System.
[    9.775648] systemd[1]: Mounted POSIX Message Queue File System.
[[0;32m  OK  [0m] Mounted POSIX Message Queue File System.
[    9.780791] systemd[1]: Started Remount Root and Kernel File Systems.
[[0;32m  OK  [0m] Started Remount Root and Kernel File Systems.
[    9.787730] systemd[1]: Started Uncomplicated firewall.
[[0;32m  OK  [0m] Started Uncomplicated firewall.
[    9.791666] systemd[1]: Started Create list of required static device nodes for the current kernel.
[[0;32m  OK  [0m] Started Create list of required sta...ce nodes for the current kernel.
[    9.823641] systemd[1]: Started Journal Service.
[    9.823789] iscsi: registered transport (iser)
[[0;32m  OK  [0m] Started Journal Service.
[[0;32m  OK  [0m] Started Nameserver information manager.
[[0;32m  OK  [0m] Started Load Kernel Modules.
[[0;32m  OK  [0m] Started LVM2 metadata daemon.
         Starting Apply Kernel Variables...
         Mounting FUSE Control File System...
         Starting Create Static Device Nodes in /dev...
         Starting Load/Save Random Seed...
         Starting Flush Journal to Persistent Storage...
         Starting udev Coldplug all Devices...
[[0;32m  OK  [0m] Mounted FUSE Control File System.
[[0;32m  OK  [0m] Started Set console keymap.
[[0;32m  OK  [0m] Started Apply Kernel Variables.
[[0;32m  OK  [0m] Started Load/Save Random Seed.
[[0;32m  OK  [0m] Started Create Static Device Nodes in /dev.
[[0;32m  OK  [0m] Started Flush Journal to Persistent Storage.
         Starting udev Kernel Device Manager...
[[0;32m  OK  [0m] Started udev Coldplug all Devices.
[[0;32m  OK  [0m] Started Monitoring of LVM2 mirrors,...ng dmeventd or progress polling.
[[0;32m  OK  [0m] Reached target Local File Systems (Pre).
[[0;32m  OK  [0m] Reached target Local File Systems.
         Starting LSB: AppArmor initialization...
         Starting Initial cloud-init job (pre-networking)...
         Starting Create Volatile Files and Directories...
         Starting Set console font and keymap...
         Starting Commit a transient machine-id on disk...
         Starting Tell Plymouth To Write Out Runtime Data...
[[0;32m  OK  [0m] Started udev Kernel Device Manager.
[[0;32m  OK  [0m] Started Dispatch Password Requests to Console Directory Watch.
[[0;32m  OK  [0m] Started Tell Plymouth To Write Out Runtime Data.
[[0;32m  OK  [0m] Started Create Volatile Files and Directories.
         Starting Update UTMP about System Boot/Shutdown...
[[0;32m  OK  [0m] Started Commit a transient machine-id on disk.
[[0;32m  OK  [0m] Started Update UTMP about System Boot/Shutdown.
[[0;32m  OK  [0m] Found device /dev/ttyS0.
[[0;32m  OK  [0m] Listening on Load/Save RF Kill Switch Status /dev/rfkill Watch.
[[0;32m  OK  [0m] Started Set console font and keymap.
[[0;32m  OK  [0m] Created slice system-getty.slice.
[[0;32m  OK  [0m] Started LSB: AppArmor initialization.
         Starting Load AppArmor profiles managed internally by snapd...
[[0;32m  OK  [0m] Started Load AppArmor profiles managed internally by snapd.
[   11.955984] cloud-init[483]: Cloud-init v. 20.3-2-g371b392c-0ubuntu1~16.04.1 running 'init-local' at Thu, 26 Nov 2020 09:26:08 +0000. Up 11.43 seconds.
[[0;32m  OK  [0m] Started Initial cloud-init job (pre-networking).
[[0;32m  OK  [0m] Reached target Network (Pre).
         Starting Raise network interfaces...
[[0;32m  OK  [0m] Started Raise network interfaces.
[[0;32m  OK  [0m] Reached target Network.
         Starting Initial cloud-init job (metadata service crawler)...
[   13.793021] cloud-init[931]: Cloud-init v. 20.3-2-g371b392c-0ubuntu1~16.04.1 running 'init' at Thu, 26 Nov 2020 09:26:10 +0000. Up 12.81 seconds.
[   13.795462] cloud-init[931]: ci-info: ++++++++++++++++++++++++++++++++++++++Net device info++++++++++++++++++++++++++++++++++++++
[   13.797117] cloud-init[931]: ci-info: +--------+------+----------------------------+---------------+--------+-------------------+
[   13.799332] cloud-init[931]: ci-info: | Device |  Up  |          Address           |      Mask     | Scope  |     Hw-Address    |
[   13.803168] cloud-init[931]: ci-info: +--------+------+----------------------------+---------------+--------+-------------------+
[   13.805322] cloud-init[931]: ci-info: | enp0s3 | True |         10.0.2.15          | 255.255.255.0 | global | 02:e0:65:d0:24:0e |
[   13.812656] cloud-init[931]: ci-info: | enp0s3 | True | fe80::e0:65ff:fed0:240e/64 |       .       |  link  | 02:e0:65:d0:24:0e |
[   13.815751] cloud-init[931]: ci-info: |   lo   | True |         127.0.0.1          |   255.0.0.0   |  host  |         .         |
[   13.818921] cloud-init[931]: ci-info: |   lo   | True |          ::1/128           |       .       |  host  |         .         |
[   13.821200] cloud-init[931]: ci-info: +--------+------+----------------------------+---------------+--------+-------------------+
[   13.823823] cloud-init[931]: ci-info: +++++++++++++++++++++++++++Route IPv4 info++++++++++++++++++++++++++++
[   13.826384] cloud-init[931]: ci-info: +-------+-------------+----------+---------------+-----------+-------+
[   13.828586] cloud-init[931]: ci-info: | Route | Destination | Gateway  |    Genmask    | Interface | Flags |
[   13.830868] cloud-init[931]: ci-info: +-------+-------------+----------+---------------+-----------+-------+
[   13.833040] cloud-init[931]: ci-info: |   0   |   0.0.0.0   | 10.0.2.2 |    0.0.0.0    |   enp0s3  |   UG  |
[   13.835463] cloud-init[931]: ci-info: |   1   |   10.0.2.0  | 0.0.0.0  | 255.255.255.0 |   enp0s3  |   U   |
[   13.837581] cloud-init[931]: ci-info: +-------+-------------+----------+---------------+-----------+-------+
[   13.839439] cloud-init[931]: ci-info: +++++++++++++++++++Route IPv6 info+++++++++++++++++++
[   13.841310] cloud-init[931]: ci-info: +-------+-------------+---------+-----------+-------+
[   13.843271] cloud-init[931]: ci-info: | Route | Destination | Gateway | Interface | Flags |
[   13.845027] cloud-init[931]: ci-info: +-------+-------------+---------+-----------+-------+
[   13.853532] cloud-init[931]: ci-info: |   0   |  fe80::/64  |    ::   |   enp0s3  |   U   |
[   13.861136] cloud-init[931]: ci-info: |   3   |   ff00::/8  |    ::   |   enp0s3  |   U   |
[   13.863592] cloud-init[931]: ci-info: +-------+-------------+---------+-----------+-------+
[   13.865681] cloud-init[931]: Generating public/private rsa key pair.
[   13.867696] cloud-init[931]: Your identification has been saved in /etc/ssh/ssh_host_rsa_key.
[   13.869769] cloud-init[931]: Your public key has been saved in /etc/ssh/ssh_host_rsa_key.pub.
[   13.871842] cloud-init[931]: The key fingerprint is:
[   13.873445] cloud-init[931]: SHA256:G9eQbOYuEaPnpXineFyvmkZ+ESpLyqkbtvHNw5wQkHc root@ubuntu-xenial
[   13.875523] cloud-init[931]: The key's randomart image is:
[   13.877442] cloud-init[931]: +---[RSA 2048]----+
[   13.878630] cloud-init[931]: |   .             |
[   13.879750] cloud-init[931]: |  o . E  . .     |
[   13.881195] cloud-init[931]: |   o .  o *      |
[   13.882703] cloud-init[931]: |    .  . *.o     |
[   13.884132] cloud-init[931]: |     .. S.+..    |
[   13.885412] cloud-init[931]: |    . o+oOo      |
[   13.886570] cloud-init[931]: |  +. B.B*.oo     |
[   13.887647] cloud-init[931]: | . =+o*o==. .    |
[   13.888881] cloud-init[931]: |  +o. +++o..     |
[   13.890143] cloud-init[931]: +----[SHA256]-----+
[   13.891467] cloud-init[931]: Generating public/private dsa key pair.
[   13.901226] cloud-init[931]: Your identification has been saved in /etc/ssh/ssh_host_dsa_key.
[   13.904281] cloud-init[931]: Your public key has been saved in /etc/ssh/ssh_host_dsa_key.pub.
[   13.907725] cloud-init[931]: The key fingerprint is:
[   13.909613] cloud-init[931]: SHA256:Xf41QV21NB7GThbISR6rxo90oI63wDy7Jq1Zvlhv/NQ root@ubuntu-xenial
[   13.912095] cloud-init[931]: The key's randomart image is:
[   13.921454] cloud-init[931]: +---[DSA 1024]----+
[   13.923146] cloud-init[931]: |            oo+BB|
[   13.924648] cloud-init[931]: |            .+B+=|
[   13.926625] cloud-init[931]: |           ..o++ |
[   13.930107] cloud-init[931]: |         .ooo  ..|
[   13.934603] cloud-init[931]: |        S..=.. ..|
[   13.936390] cloud-init[931]: |      o o o =. ..|
[   13.939677] cloud-init[931]: |      .O.o o E.  |
[   13.942627] cloud-init[931]: |     .*o*oo      |
[   13.945297] cloud-init[931]: |     ++=+o..     |
[   13.948381] cloud-init[931]: +----[SHA256]-----+
[   13.949702] cloud-init[931]: Generating public/private ecdsa key pair.
[   13.951835] cloud-init[931]: Your identification has been saved in /etc/ssh/ssh_host_ecdsa_key.
[   13.954058] cloud-init[931]: Your public key has been saved in /etc/ssh/ssh_host_ecdsa_key.pub.
[   13.956327] cloud-init[931]: The key fingerprint is:
[   13.957877] cloud-init[931]: SHA256:IqN5wbsETmqqaK/x3AZpFZD4oB53ff28TK5eeixzi+U root@ubuntu-xenial
[   13.959860] cloud-init[931]: The key's randomart image is:
[   13.961082] cloud-init[931]: +---[ECDSA 256]---+
[   13.962169] cloud-init[931]: |  ..o            |
[   13.963301] cloud-init[931]: | o . .           |
[   13.964771] cloud-init[931]: |. o   o   .      |
[   13.966039] cloud-init[931]: |.. + o . . .     |
[   13.967926] cloud-init[931]: |. = O . S   o    |
[   13.969626] cloud-init[931]: | = B = .     +   |
[   13.971571] cloud-init[931]: |.o= =       =o.  |
[   13.973130] cloud-init[931]: |+.+o.o     o*B   |
[   13.974913] cloud-init[931]: |*.o+o.    .=*E.  |
[   13.976840] cloud-init[931]: +----[SHA256]-----+
[   13.978536] cloud-init[931]: Generating public/private ed25519 key pair.
[   13.984935] cloud-init[931]: Your identification has been saved in /etc/ssh/ssh_host_ed25519_key.
[   13.987334] cloud-init[931]: Your public key has been saved in /etc/ssh/ssh_host_ed25519_key.pub.
[   13.990657] cloud-init[931]: The key fingerprint is:
[   13.993793] cloud-init[931]: SHA256:4fbWEVMEasVTpDCGGwjT8KDrBCnKdPuSUMIb6BfRVJI root@ubuntu-xenial
[   13.995877] cloud-init[931]: The key's randomart image is:
[   13.997293] cloud-init[931]: +--[ED25519 256]--+
[   13.998437] cloud-init[931]: |   .B*oo .+.o==  |
[   13.999963] cloud-init[931]: |o. ..E+ o. =oo   |
[   14.002134] cloud-init[931]: |==.+  . .oo +.   |
[   14.003577] cloud-init[931]: |*.*.o  ..o   o   |
[   14.005006] cloud-init[931]: |.=oo    S   .    |
[[0;32m  OK  [0m] Started Initial cloud-init job (metadata service crawler).
[[0;32m  OK  [0m] Reached target Network is Online.
[   14.006491] cloud-init[931]: | oo o  . . . .   |
[   14.016973] cloud-init[931]: |  .o .    o .    |
[   14.017169] cloud-init[931]: |    .    .       |
[   14.017774] cloud-init[931]: |                 |
[   14.018391] cloud-init[931]: +----[SHA256]-----+
         Starting iSCSI initiator daemon (iscsid)...
[[0;32m  OK  [0m] Reached target System Initialization.
[[0;32m  OK  [0m] Listening on UUID daemon activation socket.
         Starting LXD - unix socket.
[[0;32m  OK  [0m] Started Daily apt download activities.
[[0;32m  OK  [0m] Started ACPI Events Check.
[[0;32m  OK  [0m] Reached target Paths.
[[0;32m  OK  [0m] Started Daily Cleanup of Temporary Directories.
[[0;32m  OK  [0m] Started Daily apt upgrade and clean activities.
[[0;32m  OK  [0m] Listening on ACPID Listen Socket.
         Starting Socket activation for snappy daemon.
[[0;32m  OK  [0m] Listening on D-Bus System Message Bus Socket.
[[0;32m  OK  [0m] Started Message of the Day.
[[0;32m  OK  [0m] Reached target Timers.
[[0;32m  OK  [0m] Reached target Cloud-config availability.
[[0;32m  OK  [0m] Listening on LXD - unix socket.
[[0;32m  OK  [0m] Listening on Socket activation for snappy daemon.
[[0;32m  OK  [0m] Reached target Sockets.
[[0;32m  OK  [0m] Reached target Basic System.
         Starting System Logging Service...
         Starting Virtualbox guest utils...
         Starting LSB: MD monitoring daemon...
         Starting LSB: Record successful boot for GRUB...
         Starting Accounts Service...
         Starting Snap Daemon...
[[0;32m  OK  [0m] Started Deferred execution scheduler.
         Starting /etc/rc.local Compatibility...
         Starting Pollinate to seed the pseudo random number generator...
[[0;32m  OK  [0m] Started Regular background program processing daemon.
[[0;32m  OK  [0m] Started FUSE filesystem for LXC.
[[0;32m  OK  [0m] Started ACPI event daemon.
         Starting Login Service...
[[0;32m  OK  [0m] Started D-Bus System Message Bus.
         Starting LXD - container startup/shutdown...
[[0;32m  OK  [0m] Started System Logging Service.
[[0;32m  OK  [0m] Started iSCSI initiator daemon (iscsid).
[[0;32m  OK  [0m] Started /etc/rc.local Compatibility.
[[0;32m  OK  [0m] Started Login Service.
[[0;32m  OK  [0m] Started Unattended Upgrades Shutdown.
         Starting Authenticate and Authorize Users to Run Privileged Tasks...
         Starting Login to default iSCSI targets...
[[0;32m  OK  [0m] Started LSB: Record successful boot for GRUB.
[[0;32m  OK  [0m] Started LSB: MD monitoring daemon.
[[0;32m  OK  [0m] Started Login to default iSCSI targets.
[[0;32m  OK  [0m] Reached target Remote File Systems (Pre).
[[0;32m  OK  [0m] Reached target Remote File Systems.
         Starting LSB: automatic crash report generation...
         Starting LSB: daemon to balance interrupts for SMP systems...
         Starting LSB: Set the CPU Frequency Scaling governor to "ondemand"...
         Starting Permit User Sessions...
[[0;32m  OK  [0m] Started Permit User Sessions.
         Starting Terminate Plymouth Boot Screen...
         Starting Hold until boot process finishes up...
[[0;32m  OK  [0m] Started Hold until boot process finishes up.
[[0;32m  OK  [0m] Started Terminate Plymouth Boot Screen.
[[0;32m  OK  [0m] Started Authenticate and Authorize Users to Run Privileged Tasks.
         Starting Set console scheme...
[[0;32m  OK  [0m] Started Getty on tty1.
[[0;32m  OK  [0m] Started Serial Getty on ttyS0.
[[0;32m  OK  [0m] Reached target Login Prompts.
[[0;32m  OK  [0m] Started LXD - container startup/shutdown.
[[0;32m  OK  [0m] Started LSB: Set the CPU Frequency Scaling governor to "ondemand".
[[0;32m  OK  [0m] Started Set console scheme.
[[0;32m  OK  [0m] Started Accounts Service.
[[0;32m  OK  [0m] Started LSB: daemon to balance interrupts for SMP systems.
[[0;32m  OK  [0m] Started LSB: automatic crash report generation.
[[0;32m  OK  [0m] Started Virtualbox guest utils.
[[0;32m  OK  [0m] Started Snap Daemon.
         Starting Wait until snapd is fully seeded...
[[0;32m  OK  [0m] Started Pollinate to seed the pseudo random number generator.
         Starting OpenBSD Secure Shell server...
[[0;32m  OK  [0m] Started OpenBSD Secure Shell server.
[[0;32m  OK  [0m] Started Wait until snapd is fully seeded.
         Starting Apply the settings specified in cloud-config...
[[0;32m  OK  [0m] Reached target Multi-User System.
[[0;32m  OK  [0m] Reached target Graphical Interface.
         Starting Update UTMP about System Runlevel Changes...
[[0;32m  OK  [0m] Started Update UTMP about System Runlevel Changes.
[   18.648508] cloud-init[1297]: Generating locales (this might take a while)...
[[0;32m  OK  [0m] Created slice User Slice of vagrant.
         Starting User Manager for UID 1000...
[[0;32m  OK  [0m] Started Session 1 of user vagrant.
[[0;32m  OK  [0m] Started User Manager for UID 1000.
[   20.052103] cloud-init[1297]:   en_US.UTF-8... done
[   20.054205] cloud-init[1297]: Generation complete.
[   20.523433] cloud-init[1297]: Cloud-init v. 20.3-2-g371b392c-0ubuntu1~16.04.1 running 'modules:config' at Thu, 26 Nov 2020 09:26:15 +0000. Up 18.16 seconds.
ci-info: no authorized SSH keys fingerprints found for user ubuntu.
<14>Nov 26 09:26:18 ec2: 
<14>Nov 26 09:26:18 ec2: #############################################################
<14>Nov 26 09:26:18 ec2: -----BEGIN SSH HOST KEY FINGERPRINTS-----
<14>Nov 26 09:26:18 ec2: 1024 SHA256:Xf41QV21NB7GThbISR6rxo90oI63wDy7Jq1Zvlhv/NQ root@ubuntu-xenial (DSA)
<14>Nov 26 09:26:18 ec2: 256 SHA256:IqN5wbsETmqqaK/x3AZpFZD4oB53ff28TK5eeixzi+U root@ubuntu-xenial (ECDSA)
<14>Nov 26 09:26:18 ec2: 256 SHA256:4fbWEVMEasVTpDCGGwjT8KDrBCnKdPuSUMIb6BfRVJI root@ubuntu-xenial (ED25519)
<14>Nov 26 09:26:18 ec2: 2048 SHA256:G9eQbOYuEaPnpXineFyvmkZ+ESpLyqkbtvHNw5wQkHc root@ubuntu-xenial (RSA)
<14>Nov 26 09:26:18 ec2: -----END SSH HOST KEY FINGERPRINTS-----
<14>Nov 26 09:26:18 ec2: #############################################################
-----BEGIN SSH HOST KEY KEYS-----
ecdsa-sha2-nistp256 AAAAE2VjZHNhLXNoYTItbmlzdHAyNTYAAAAIbmlzdHAyNTYAAABBBMOrc8DLOvPq7LKAomxHDtq/JmI+t8U0rbjGg6LrZS0+/PjIR3Uml0GDn8XURY/8y6RBR6IolLixoPKn12nH864= root@ubuntu-xenial
ssh-ed25519 AAAAC3NzaC1lZDI1NTE5AAAAIN6VGD9/ylc1r2woYGNNAjTR3cu8FECu3xYQVD54FbVJ root@ubuntu-xenial
ssh-rsa AAAAB3NzaC1yc2EAAAADAQABAAABAQDNQJ9Jy4L673c7SXIgp+VvsLAboX+lwlZ30v4SE1V9YhPX0lwokS+feFGVGz3OWzYVsIUfbzVcuMvEY0sHlEKKOlq2wAZslAPnbDBSq18EzIZnLe3SAuNGZngjNjfoUNaW48iJbciH8N4qGTDlikyxOqOh4ebrSTMmaE+48xpFbL9oTrcPx3iz/xiRyO8HMeGXSse05AfADjCPIkboECERe8onvpzlYr5fDu6LoS5VLpctpzmhYo44XfiNJUU1c2FjSL/WjyKF5QtVWDrgdykO2t95d8FE906BS/9C9D6FRXxbV2HvXN+dDFpai1eoSqNOKoqQDCj43Uh7ZwfiOcMR root@ubuntu-xenial
-----END SSH HOST KEY KEYS-----
[   21.237218] cloud-init[1424]: Cloud-init v. 20.3-2-g371b392c-0ubuntu1~16.04.1 running 'modules:final' at Thu, 26 Nov 2020 09:26:18 +0000. Up 21.03 seconds.
[   21.239828] cloud-init[1424]: ci-info: no authorized SSH keys fingerprints found for user ubuntu.
[   21.242651] cloud-init[1424]: Cloud-init v. 20.3-2-g371b392c-0ubuntu1~16.04.1 finished at Thu, 26 Nov 2020 09:26:18 +0000. Datasource DataSourceNoCloud [seed=/dev/sdb][dsmode=net].  Up 21.22 seconds

Ubuntu 16.04.7 LTS ubuntu-xenial ttyS0

ubuntu-xenial login: 